#
# There is insufficient memory for the Java Runtime Environment to continue.
# Native memory allocation (mmap) failed to map 65536 bytes for Failed to commit metaspace.
# Possible reasons:
#   The system is out of physical RAM or swap space
#   The process is running with CompressedOops enabled, and the Java Heap may be blocking the growth of the native heap
# Possible solutions:
#   Reduce memory load on the system
#   Increase physical memory or swap space
#   Check if swap backing store is full
#   Decrease Java heap size (-Xmx/-Xms)
#   Decrease number of Java threads
#   Decrease Java thread stack sizes (-Xss)
#   Set larger code cache with -XX:ReservedCodeCacheSize=
#   JVM is running with Unscaled Compressed Oops mode in which the Java heap is
#     placed in the first 4GB address space. The Java Heap base address is the
#     maximum limit for the native heap growth. Please use -XX:HeapBaseMinAddress
#     to set the Java Heap base and to place the Java Heap above 4GB virtual address.
# This output file may be truncated or incomplete.
#
#  Out of Memory Error (virtualSpaceNode.cpp:110), pid=13168, tid=5000
#
# JRE version: Java(TM) SE Runtime Environment (17.0.8+9) (build 17.0.8+9-LTS-211)
# Java VM: Java HotSpot(TM) 64-Bit Server VM (17.0.8+9-LTS-211, mixed mode, emulated-client, sharing, tiered, compressed oops, compressed class ptrs, g1 gc, windows-amd64)
# No core dump will be written. Minidumps are not enabled by default on client versions of Windows
#

---------------  S U M M A R Y ------------

Command Line: -Dcom.sun.management.jmxremote -Dcom.sun.management.jmxremote.port=53604 -Dcom.sun.management.jmxremote.authenticate=false -Dcom.sun.management.jmxremote.ssl=false -Djava.rmi.server.hostname=localhost -Dspring.jmx.enabled=true -Dmanagement.endpoints.jmx.exposure.include=* -Dspring.application.admin.enabled=true -XX:TieredStopAtLevel=1 -Dspring.boot.project.name=bookstore -Dfile.encoding=UTF-8 -Dstdout.encoding=UTF-8 -Dstderr.encoding=UTF-8 -XX:+ShowCodeDetailsInExceptionMessages com.java.bookstore.BookstoreApplication --spring.output.ansi.enabled=always

Host: Intel(R) Core(TM) i5-8250U CPU @ 1.60GHz, 8 cores, 7G,  Windows 10 , 64 bit Build 19041 (10.0.19041.3636)
Time: Sun May  5 00:48:55 2024 SE Asia Standard Time elapsed time: 8.573207 seconds (0d 0h 0m 8s)

---------------  T H R E A D  ---------------

Current thread (0x0000013d7df1c630):  JavaThread "main" [_thread_in_vm, id=5000, stack(0x000000122c800000,0x000000122c900000)]

Stack: [0x000000122c800000,0x000000122c900000]
Native frames: (J=compiled Java code, j=interpreted, Vv=VM code, C=native code)
V  [jvm.dll+0x677d0a]
V  [jvm.dll+0x7d8c54]
V  [jvm.dll+0x7da3fe]
V  [jvm.dll+0x7daa63]
V  [jvm.dll+0x245c5f]
V  [jvm.dll+0x7d4d5b]
V  [jvm.dll+0x61dcf6]
V  [jvm.dll+0x1c0127]
V  [jvm.dll+0x620650]
V  [jvm.dll+0x61e6b6]
V  [jvm.dll+0x369eb2]
V  [jvm.dll+0x1e1aab]
V  [jvm.dll+0x53dde5]
V  [jvm.dll+0x753768]
V  [jvm.dll+0x753854]
V  [jvm.dll+0x40ba4f]
V  [jvm.dll+0x411a69]
C  [java.dll+0x17ec]

Java frames: (J=compiled Java code, j=interpreted, Vv=VM code)
J 1209  java.lang.ClassLoader.defineClass1(Ljava/lang/ClassLoader;Ljava/lang/String;[BIILjava/security/ProtectionDomain;Ljava/lang/String;)Ljava/lang/Class; java.base@17.0.8 (0 bytes) @ 0x0000013d07c491e3 [0x0000013d07c49120+0x00000000000000c3]
J 1302 c1 java.lang.ClassLoader.defineClass(Ljava/lang/String;[BIILjava/security/ProtectionDomain;)Ljava/lang/Class; java.base@17.0.8 (43 bytes) @ 0x0000013d07c6d35c [0x0000013d07c6d260+0x00000000000000fc]
J 1214 c1 jdk.internal.loader.BuiltinClassLoader.defineClass(Ljava/lang/String;Ljdk/internal/loader/Resource;)Ljava/lang/Class; java.base@17.0.8 (121 bytes) @ 0x0000013d07c4c4e4 [0x0000013d07c4c020+0x00000000000004c4]
J 1213 c1 jdk.internal.loader.BuiltinClassLoader.findClassOnClassPathOrNull(Ljava/lang/String;)Ljava/lang/Class; java.base@17.0.8 (64 bytes) @ 0x0000013d07c4b234 [0x0000013d07c4af80+0x00000000000002b4]
J 1018 c1 jdk.internal.loader.BuiltinClassLoader.loadClassOrNull(Ljava/lang/String;Z)Ljava/lang/Class; java.base@17.0.8 (143 bytes) @ 0x0000013d07bf9cdc [0x0000013d07bf9880+0x000000000000045c]
J 1131 c1 jdk.internal.loader.ClassLoaders$AppClassLoader.loadClass(Ljava/lang/String;Z)Ljava/lang/Class; java.base@17.0.8 (40 bytes) @ 0x0000013d07c2d424 [0x0000013d07c2d2e0+0x0000000000000144]
J 1130 c1 java.lang.ClassLoader.loadClass(Ljava/lang/String;)Ljava/lang/Class; java.base@17.0.8 (7 bytes) @ 0x0000013d07c2c864 [0x0000013d07c2c820+0x0000000000000044]
v  ~StubRoutines::call_stub
J 2776  java.lang.Class.getDeclaredMethods0(Z)[Ljava/lang/reflect/Method; java.base@17.0.8 (0 bytes) @ 0x0000013d07ed4963 [0x0000013d07ed4920+0x0000000000000043]
J 1627 c1 java.lang.Class.privateGetDeclaredMethods(Z)[Ljava/lang/reflect/Method; java.base@17.0.8 (64 bytes) @ 0x0000013d07cea49c [0x0000013d07cea400+0x000000000000009c]
J 3555 c1 org.springframework.util.ReflectionUtils.getDeclaredMethods(Ljava/lang/Class;Z)[Ljava/lang/reflect/Method; (183 bytes) @ 0x0000013d08016554 [0x0000013d08016460+0x00000000000000f4]
J 4122 c1 org.springframework.util.ReflectionUtils.doWithLocalMethods(Ljava/lang/Class;Lorg/springframework/util/ReflectionUtils$MethodCallback;)V (68 bytes) @ 0x0000013d0810a8fc [0x0000013d0810a8e0+0x000000000000001c]
j  org.springframework.orm.jpa.support.PersistenceAnnotationBeanPostProcessor.buildPersistenceMetadata(Ljava/lang/Class;)Lorg/springframework/beans/factory/annotation/InjectionMetadata;+69
J 6753 c1 org.springframework.orm.jpa.support.PersistenceAnnotationBeanPostProcessor.findPersistenceMetadata(Ljava/lang/String;Ljava/lang/Class;Lorg/springframework/beans/PropertyValues;)Lorg/springframework/beans/factory/annotation/InjectionMetadata; (124 bytes) @ 0x0000013d0850a164 [0x0000013d08509ea0+0x00000000000002c4]
j  org.springframework.orm.jpa.support.PersistenceAnnotationBeanPostProcessor.findInjectionMetadata(Lorg/springframework/beans/factory/support/RootBeanDefinition;Ljava/lang/Class;Ljava/lang/String;)Lorg/springframework/beans/factory/annotation/InjectionMetadata;+4
j  org.springframework.orm.jpa.support.PersistenceAnnotationBeanPostProcessor.postProcessMergedBeanDefinition(Lorg/springframework/beans/factory/support/RootBeanDefinition;Ljava/lang/Class;Ljava/lang/String;)V+4
j  org.springframework.beans.factory.support.AbstractAutowireCapableBeanFactory.applyMergedBeanDefinitionPostProcessors(Lorg/springframework/beans/factory/support/RootBeanDefinition;Ljava/lang/Class;Ljava/lang/String;)V+41
j  org.springframework.beans.factory.support.AbstractAutowireCapableBeanFactory.doCreateBean(Ljava/lang/String;Lorg/springframework/beans/factory/support/RootBeanDefinition;[Ljava/lang/Object;)Ljava/lang/Object;+91
j  org.springframework.beans.factory.support.AbstractAutowireCapableBeanFactory.createBean(Ljava/lang/String;Lorg/springframework/beans/factory/support/RootBeanDefinition;[Ljava/lang/Object;)Ljava/lang/Object;+153
j  org.springframework.beans.factory.support.AbstractBeanFactory.lambda$doGetBean$0(Ljava/lang/String;Lorg/springframework/beans/factory/support/RootBeanDefinition;[Ljava/lang/Object;)Ljava/lang/Object;+4
j  org.springframework.beans.factory.support.AbstractBeanFactory$$Lambda$340+0x0000013d12227008.getObject()Ljava/lang/Object;+16
j  org.springframework.beans.factory.support.DefaultSingletonBeanRegistry.getSingleton(Ljava/lang/String;Lorg/springframework/beans/factory/ObjectFactory;)Ljava/lang/Object;+114
J 3209 c1 org.springframework.beans.factory.support.AbstractBeanFactory.doGetBean(Ljava/lang/String;Ljava/lang/Class;[Ljava/lang/Object;Z)Ljava/lang/Object; (740 bytes) @ 0x0000013d07f87bc4 [0x0000013d07f875a0+0x0000000000000624]
j  org.springframework.beans.factory.support.AbstractBeanFactory.getBean(Ljava/lang/String;Ljava/lang/Class;[Ljava/lang/Object;)Ljava/lang/Object;+5
j  org.springframework.beans.factory.support.DefaultListableBeanFactory.resolveNamedBean(Ljava/lang/String;Lorg/springframework/core/ResolvableType;[Ljava/lang/Object;)Lorg/springframework/beans/factory/config/NamedBeanHolder;+4
j  org.springframework.beans.factory.support.DefaultListableBeanFactory.resolveNamedBean(Lorg/springframework/core/ResolvableType;[Ljava/lang/Object;Z)Lorg/springframework/beans/factory/config/NamedBeanHolder;+128
j  org.springframework.beans.factory.support.DefaultListableBeanFactory.resolveBean(Lorg/springframework/core/ResolvableType;[Ljava/lang/Object;Z)Ljava/lang/Object;+4
j  org.springframework.beans.factory.support.DefaultListableBeanFactory.getBean(Ljava/lang/Class;[Ljava/lang/Object;)Ljava/lang/Object;+13
j  org.springframework.beans.factory.support.DefaultListableBeanFactory.getBean(Ljava/lang/Class;)Ljava/lang/Object;+6
j  org.springframework.transaction.interceptor.TransactionAspectSupport.determineTransactionManager(Lorg/springframework/transaction/interceptor/TransactionAttribute;)Lorg/springframework/transaction/TransactionManager;+99
j  org.springframework.transaction.interceptor.TransactionAspectSupport.invokeWithinTransaction(Ljava/lang/reflect/Method;Ljava/lang/Class;Lorg/springframework/transaction/interceptor/TransactionAspectSupport$InvocationCallback;)Ljava/lang/Object;+29
j  org.springframework.transaction.interceptor.TransactionInterceptor.invoke(Lorg/aopalliance/intercept/MethodInvocation;)Ljava/lang/Object;+40
j  org.springframework.aop.framework.ReflectiveMethodInvocation.proceed()Ljava/lang/Object;+120
j  org.springframework.aop.framework.CglibAopProxy$CglibMethodInvocation.proceed()Ljava/lang/Object;+1
j  org.springframework.aop.framework.CglibAopProxy$DynamicAdvisedInterceptor.intercept(Ljava/lang/Object;Ljava/lang/reflect/Method;[Ljava/lang/Object;Lorg/springframework/cglib/proxy/MethodProxy;)Ljava/lang/Object;+122
j  com.java.bookstore.services.impl.AccountServiceImpl$$SpringCGLIB$$0.userDetailsService()Lorg/springframework/security/core/userdetails/UserDetailsService;+31
j  com.java.bookstore.config.SecurityConfig.authenticationProvider()Lorg/springframework/security/authentication/AuthenticationProvider;+13
j  com.java.bookstore.config.SecurityConfig$$SpringCGLIB$$0.CGLIB$authenticationProvider$4()Lorg/springframework/security/authentication/AuthenticationProvider;+1
j  com.java.bookstore.config.SecurityConfig$$SpringCGLIB$$FastClass$$1.invoke(ILjava/lang/Object;[Ljava/lang/Object;)Ljava/lang/Object;+213
j  org.springframework.cglib.proxy.MethodProxy.invokeSuper(Ljava/lang/Object;[Ljava/lang/Object;)Ljava/lang/Object;+19
j  org.springframework.context.annotation.ConfigurationClassEnhancer$BeanMethodInterceptor.intercept(Ljava/lang/Object;Ljava/lang/reflect/Method;[Ljava/lang/Object;Lorg/springframework/cglib/proxy/MethodProxy;)Ljava/lang/Object;+181
j  com.java.bookstore.config.SecurityConfig$$SpringCGLIB$$0.authenticationProvider()Lorg/springframework/security/authentication/AuthenticationProvider;+31
v  ~StubRoutines::call_stub
J 4918  jdk.internal.reflect.NativeMethodAccessorImpl.invoke0(Ljava/lang/reflect/Method;Ljava/lang/Object;[Ljava/lang/Object;)Ljava/lang/Object; java.base@17.0.8 (0 bytes) @ 0x0000013d08260a27 [0x0000013d082609a0+0x0000000000000087]
J 4917 c1 jdk.internal.reflect.NativeMethodAccessorImpl.invoke(Ljava/lang/Object;[Ljava/lang/Object;)Ljava/lang/Object; java.base@17.0.8 (137 bytes) @ 0x0000013d08261214 [0x0000013d08260f00+0x0000000000000314]
J 4414 c1 jdk.internal.reflect.DelegatingMethodAccessorImpl.invoke(Ljava/lang/Object;[Ljava/lang/Object;)Ljava/lang/Object; java.base@17.0.8 (10 bytes) @ 0x0000013d0818ec64 [0x0000013d0818ec20+0x0000000000000044]
J 4596 c1 java.lang.reflect.Method.invoke(Ljava/lang/Object;[Ljava/lang/Object;)Ljava/lang/Object; java.base@17.0.8 (65 bytes) @ 0x0000013d081db6e4 [0x0000013d081db5e0+0x0000000000000104]
j  org.springframework.beans.factory.support.SimpleInstantiationStrategy.instantiate(Lorg/springframework/beans/factory/support/RootBeanDefinition;Ljava/lang/String;Lorg/springframework/beans/factory/BeanFactory;Ljava/lang/Object;Ljava/lang/reflect/Method;[Ljava/lang/Object;)Ljava/lang/Object;+30
j  org.springframework.beans.factory.support.ConstructorResolver.instantiate(Ljava/lang/String;Lorg/springframework/beans/factory/support/RootBeanDefinition;Ljava/lang/Object;Ljava/lang/reflect/Method;[Ljava/lang/Object;)Ljava/lang/Object;+18
j  org.springframework.beans.factory.support.ConstructorResolver.instantiateUsingFactoryMethod(Ljava/lang/String;Lorg/springframework/beans/factory/support/RootBeanDefinition;[Ljava/lang/Object;)Lorg/springframework/beans/BeanWrapper;+491
j  org.springframework.beans.factory.support.AbstractAutowireCapableBeanFactory.instantiateUsingFactoryMethod(Ljava/lang/String;Lorg/springframework/beans/factory/support/RootBeanDefinition;[Ljava/lang/Object;)Lorg/springframework/beans/BeanWrapper;+11
j  org.springframework.beans.factory.support.AbstractAutowireCapableBeanFactory.createBeanInstance(Ljava/lang/String;Lorg/springframework/beans/factory/support/RootBeanDefinition;[Ljava/lang/Object;)Lorg/springframework/beans/BeanWrapper;+89
j  org.springframework.beans.factory.support.AbstractAutowireCapableBeanFactory.doCreateBean(Ljava/lang/String;Lorg/springframework/beans/factory/support/RootBeanDefinition;[Ljava/lang/Object;)Ljava/lang/Object;+34
j  org.springframework.beans.factory.support.AbstractAutowireCapableBeanFactory.createBean(Ljava/lang/String;Lorg/springframework/beans/factory/support/RootBeanDefinition;[Ljava/lang/Object;)Ljava/lang/Object;+153
j  org.springframework.beans.factory.support.AbstractBeanFactory.lambda$doGetBean$0(Ljava/lang/String;Lorg/springframework/beans/factory/support/RootBeanDefinition;[Ljava/lang/Object;)Ljava/lang/Object;+4
j  org.springframework.beans.factory.support.AbstractBeanFactory$$Lambda$340+0x0000013d12227008.getObject()Ljava/lang/Object;+16
j  org.springframework.beans.factory.support.DefaultSingletonBeanRegistry.getSingleton(Ljava/lang/String;Lorg/springframework/beans/factory/ObjectFactory;)Ljava/lang/Object;+114
J 3209 c1 org.springframework.beans.factory.support.AbstractBeanFactory.doGetBean(Ljava/lang/String;Ljava/lang/Class;[Ljava/lang/Object;Z)Ljava/lang/Object; (740 bytes) @ 0x0000013d07f87bc4 [0x0000013d07f875a0+0x0000000000000624]
J 2932 c1 org.springframework.beans.factory.support.AbstractBeanFactory.getBean(Ljava/lang/String;Ljava/lang/Class;)Ljava/lang/Object; (9 bytes) @ 0x0000013d07f0af64 [0x0000013d07f0af20+0x0000000000000044]
j  org.springframework.context.support.AbstractApplicationContext.getBean(Ljava/lang/String;Ljava/lang/Class;)Ljava/lang/Object;+10
j  org.springframework.security.config.annotation.authentication.configuration.InitializeAuthenticationProviderBeanManagerConfigurer$InitializeAuthenticationProviderManagerConfigurer.getBeanOrNull(Ljava/lang/Class;)Ljava/lang/Object;+33
j  org.springframework.security.config.annotation.authentication.configuration.InitializeAuthenticationProviderBeanManagerConfigurer$InitializeAuthenticationProviderManagerConfigurer.configure(Lorg/springframework/security/config/annotation/authentication/builders/AuthenticationManagerBuilder;)V+11
j  org.springframework.security.config.annotation.authentication.configuration.InitializeAuthenticationProviderBeanManagerConfigurer$InitializeAuthenticationProviderManagerConfigurer.configure(Lorg/springframework/security/config/annotation/SecurityBuilder;)V+5
j  org.springframework.security.config.annotation.AbstractConfiguredSecurityBuilder.configure()V+33
j  org.springframework.security.config.annotation.AbstractConfiguredSecurityBuilder.doBuild()Ljava/lang/Object;+34
j  org.springframework.security.config.annotation.AbstractSecurityBuilder.build()Ljava/lang/Object;+14
j  org.springframework.security.config.annotation.authentication.configuration.AuthenticationConfiguration.getAuthenticationManager()Lorg/springframework/security/authentication/AuthenticationManager;+87
j  com.java.bookstore.config.SecurityConfig.authenticationManager(Lorg/springframework/security/config/annotation/authentication/configuration/AuthenticationConfiguration;)Lorg/springframework/security/authentication/AuthenticationManager;+1
j  com.java.bookstore.config.SecurityConfig$$SpringCGLIB$$0.CGLIB$authenticationManager$0(Lorg/springframework/security/config/annotation/authentication/configuration/AuthenticationConfiguration;)Lorg/springframework/security/authentication/AuthenticationManager;+2
j  com.java.bookstore.config.SecurityConfig$$SpringCGLIB$$FastClass$$1.invoke(ILjava/lang/Object;[Ljava/lang/Object;)Ljava/lang/Object;+209
j  org.springframework.cglib.proxy.MethodProxy.invokeSuper(Ljava/lang/Object;[Ljava/lang/Object;)Ljava/lang/Object;+19
j  org.springframework.context.annotation.ConfigurationClassEnhancer$BeanMethodInterceptor.intercept(Ljava/lang/Object;Ljava/lang/reflect/Method;[Ljava/lang/Object;Lorg/springframework/cglib/proxy/MethodProxy;)Ljava/lang/Object;+181
j  com.java.bookstore.config.SecurityConfig$$SpringCGLIB$$0.authenticationManager(Lorg/springframework/security/config/annotation/authentication/configuration/AuthenticationConfiguration;)Lorg/springframework/security/authentication/AuthenticationManager;+36
v  ~StubRoutines::call_stub
J 4918  jdk.internal.reflect.NativeMethodAccessorImpl.invoke0(Ljava/lang/reflect/Method;Ljava/lang/Object;[Ljava/lang/Object;)Ljava/lang/Object; java.base@17.0.8 (0 bytes) @ 0x0000013d08260a27 [0x0000013d082609a0+0x0000000000000087]
J 4917 c1 jdk.internal.reflect.NativeMethodAccessorImpl.invoke(Ljava/lang/Object;[Ljava/lang/Object;)Ljava/lang/Object; java.base@17.0.8 (137 bytes) @ 0x0000013d08261214 [0x0000013d08260f00+0x0000000000000314]
J 4414 c1 jdk.internal.reflect.DelegatingMethodAccessorImpl.invoke(Ljava/lang/Object;[Ljava/lang/Object;)Ljava/lang/Object; java.base@17.0.8 (10 bytes) @ 0x0000013d0818ec64 [0x0000013d0818ec20+0x0000000000000044]
J 4596 c1 java.lang.reflect.Method.invoke(Ljava/lang/Object;[Ljava/lang/Object;)Ljava/lang/Object; java.base@17.0.8 (65 bytes) @ 0x0000013d081db6e4 [0x0000013d081db5e0+0x0000000000000104]
j  org.springframework.beans.factory.support.SimpleInstantiationStrategy.instantiate(Lorg/springframework/beans/factory/support/RootBeanDefinition;Ljava/lang/String;Lorg/springframework/beans/factory/BeanFactory;Ljava/lang/Object;Ljava/lang/reflect/Method;[Ljava/lang/Object;)Ljava/lang/Object;+30
j  org.springframework.beans.factory.support.ConstructorResolver.instantiate(Ljava/lang/String;Lorg/springframework/beans/factory/support/RootBeanDefinition;Ljava/lang/Object;Ljava/lang/reflect/Method;[Ljava/lang/Object;)Ljava/lang/Object;+18
j  org.springframework.beans.factory.support.ConstructorResolver.instantiateUsingFactoryMethod(Ljava/lang/String;Lorg/springframework/beans/factory/support/RootBeanDefinition;[Ljava/lang/Object;)Lorg/springframework/beans/BeanWrapper;+1438
j  org.springframework.beans.factory.support.AbstractAutowireCapableBeanFactory.instantiateUsingFactoryMethod(Ljava/lang/String;Lorg/springframework/beans/factory/support/RootBeanDefinition;[Ljava/lang/Object;)Lorg/springframework/beans/BeanWrapper;+11
j  org.springframework.beans.factory.support.AbstractAutowireCapableBeanFactory.createBeanInstance(Ljava/lang/String;Lorg/springframework/beans/factory/support/RootBeanDefinition;[Ljava/lang/Object;)Lorg/springframework/beans/BeanWrapper;+89
j  org.springframework.beans.factory.support.AbstractAutowireCapableBeanFactory.doCreateBean(Ljava/lang/String;Lorg/springframework/beans/factory/support/RootBeanDefinition;[Ljava/lang/Object;)Ljava/lang/Object;+34
j  org.springframework.beans.factory.support.AbstractAutowireCapableBeanFactory.createBean(Ljava/lang/String;Lorg/springframework/beans/factory/support/RootBeanDefinition;[Ljava/lang/Object;)Ljava/lang/Object;+153
j  org.springframework.beans.factory.support.AbstractBeanFactory.lambda$doGetBean$0(Ljava/lang/String;Lorg/springframework/beans/factory/support/RootBeanDefinition;[Ljava/lang/Object;)Ljava/lang/Object;+4
j  org.springframework.beans.factory.support.AbstractBeanFactory$$Lambda$340+0x0000013d12227008.getObject()Ljava/lang/Object;+16
j  org.springframework.beans.factory.support.DefaultSingletonBeanRegistry.getSingleton(Ljava/lang/String;Lorg/springframework/beans/factory/ObjectFactory;)Ljava/lang/Object;+114
J 3209 c1 org.springframework.beans.factory.support.AbstractBeanFactory.doGetBean(Ljava/lang/String;Ljava/lang/Class;[Ljava/lang/Object;Z)Ljava/lang/Object; (740 bytes) @ 0x0000013d07f87bc4 [0x0000013d07f875a0+0x0000000000000624]
J 7461 c1 org.springframework.beans.factory.support.AbstractBeanFactory.getBean(Ljava/lang/String;)Ljava/lang/Object; (9 bytes) @ 0x0000013d0861e8ec [0x0000013d0861e8a0+0x000000000000004c]
j  org.springframework.beans.factory.config.DependencyDescriptor.resolveCandidate(Ljava/lang/String;Ljava/lang/Class;Lorg/springframework/beans/factory/BeanFactory;)Ljava/lang/Object;+2
j  org.springframework.beans.factory.support.DefaultListableBeanFactory.doResolveDependency(Lorg/springframework/beans/factory/config/DependencyDescriptor;Ljava/lang/String;Ljava/util/Set;Lorg/springframework/beans/TypeConverter;)Ljava/lang/Object;+473
j  org.springframework.beans.factory.support.DefaultListableBeanFactory.resolveDependency(Lorg/springframework/beans/factory/config/DependencyDescriptor;Ljava/lang/String;Ljava/util/Set;Lorg/springframework/beans/TypeConverter;)Ljava/lang/Object;+117
j  org.springframework.beans.factory.annotation.AutowiredAnnotationBeanPostProcessor$AutowiredFieldElement.resolveFieldValue(Ljava/lang/reflect/Field;Ljava/lang/Object;Ljava/lang/String;)Ljava/lang/Object;+81
j  org.springframework.beans.factory.annotation.AutowiredAnnotationBeanPostProcessor$AutowiredFieldElement.inject(Ljava/lang/Object;Ljava/lang/String;Lorg/springframework/beans/PropertyValues;)V+74
J 4703 c1 org.springframework.beans.factory.annotation.InjectionMetadata.inject(Ljava/lang/Object;Ljava/lang/String;Lorg/springframework/beans/PropertyValues;)V (75 bytes) @ 0x0000013d082087e4 [0x0000013d082086e0+0x0000000000000104]
j  org.springframework.beans.factory.annotation.AutowiredAnnotationBeanPostProcessor.postProcessProperties(Lorg/springframework/beans/PropertyValues;Ljava/lang/Object;Ljava/lang/String;)Lorg/springframework/beans/PropertyValues;+17
J 6787 c1 org.springframework.beans.factory.support.AbstractAutowireCapableBeanFactory.populateBean(Ljava/lang/String;Lorg/springframework/beans/factory/support/RootBeanDefinition;Lorg/springframework/beans/BeanWrapper;)V (355 bytes) @ 0x0000013d08519c7c [0x0000013d08519200+0x0000000000000a7c]
j  org.springframework.beans.factory.support.AbstractAutowireCapableBeanFactory.doCreateBean(Ljava/lang/String;Lorg/springframework/beans/factory/support/RootBeanDefinition;[Ljava/lang/Object;)Ljava/lang/Object;+220
j  org.springframework.beans.factory.support.AbstractAutowireCapableBeanFactory.createBean(Ljava/lang/String;Lorg/springframework/beans/factory/support/RootBeanDefinition;[Ljava/lang/Object;)Ljava/lang/Object;+153
j  org.springframework.beans.factory.support.AbstractBeanFactory.lambda$doGetBean$0(Ljava/lang/String;Lorg/springframework/beans/factory/support/RootBeanDefinition;[Ljava/lang/Object;)Ljava/lang/Object;+4
j  org.springframework.beans.factory.support.AbstractBeanFactory$$Lambda$340+0x0000013d12227008.getObject()Ljava/lang/Object;+16
j  org.springframework.beans.factory.support.DefaultSingletonBeanRegistry.getSingleton(Ljava/lang/String;Lorg/springframework/beans/factory/ObjectFactory;)Ljava/lang/Object;+114
J 3209 c1 org.springframework.beans.factory.support.AbstractBeanFactory.doGetBean(Ljava/lang/String;Ljava/lang/Class;[Ljava/lang/Object;Z)Ljava/lang/Object; (740 bytes) @ 0x0000013d07f87bc4 [0x0000013d07f875a0+0x0000000000000624]
j  org.springframework.beans.factory.support.AbstractBeanFactory.getBean(Ljava/lang/String;)Ljava/lang/Object;+5
j  org.springframework.beans.factory.config.DependencyDescriptor.resolveCandidate(Ljava/lang/String;Ljava/lang/Class;Lorg/springframework/beans/factory/BeanFactory;)Ljava/lang/Object;+2
j  org.springframework.beans.factory.support.DefaultListableBeanFactory.doResolveDependency(Lorg/springframework/beans/factory/config/DependencyDescriptor;Ljava/lang/String;Ljava/util/Set;Lorg/springframework/beans/TypeConverter;)Ljava/lang/Object;+473
j  org.springframework.beans.factory.support.DefaultListableBeanFactory.resolveDependency(Lorg/springframework/beans/factory/config/DependencyDescriptor;Ljava/lang/String;Ljava/util/Set;Lorg/springframework/beans/TypeConverter;)Ljava/lang/Object;+117
j  org.springframework.beans.factory.annotation.AutowiredAnnotationBeanPostProcessor$AutowiredFieldElement.resolveFieldValue(Ljava/lang/reflect/Field;Ljava/lang/Object;Ljava/lang/String;)Ljava/lang/Object;+81
j  org.springframework.beans.factory.annotation.AutowiredAnnotationBeanPostProcessor$AutowiredFieldElement.inject(Ljava/lang/Object;Ljava/lang/String;Lorg/springframework/beans/PropertyValues;)V+74
J 4703 c1 org.springframework.beans.factory.annotation.InjectionMetadata.inject(Ljava/lang/Object;Ljava/lang/String;Lorg/springframework/beans/PropertyValues;)V (75 bytes) @ 0x0000013d082087e4 [0x0000013d082086e0+0x0000000000000104]
j  org.springframework.beans.factory.annotation.AutowiredAnnotationBeanPostProcessor.postProcessProperties(Lorg/springframework/beans/PropertyValues;Ljava/lang/Object;Ljava/lang/String;)Lorg/springframework/beans/PropertyValues;+17
J 6787 c1 org.springframework.beans.factory.support.AbstractAutowireCapableBeanFactory.populateBean(Ljava/lang/String;Lorg/springframework/beans/factory/support/RootBeanDefinition;Lorg/springframework/beans/BeanWrapper;)V (355 bytes) @ 0x0000013d08519c7c [0x0000013d08519200+0x0000000000000a7c]
j  org.springframework.beans.factory.support.AbstractAutowireCapableBeanFactory.doCreateBean(Ljava/lang/String;Lorg/springframework/beans/factory/support/RootBeanDefinition;[Ljava/lang/Object;)Ljava/lang/Object;+220
j  org.springframework.beans.factory.support.AbstractAutowireCapableBeanFactory.createBean(Ljava/lang/String;Lorg/springframework/beans/factory/support/RootBeanDefinition;[Ljava/lang/Object;)Ljava/lang/Object;+153
j  org.springframework.beans.factory.support.AbstractBeanFactory.lambda$doGetBean$0(Ljava/lang/String;Lorg/springframework/beans/factory/support/RootBeanDefinition;[Ljava/lang/Object;)Ljava/lang/Object;+4
j  org.springframework.beans.factory.support.AbstractBeanFactory$$Lambda$340+0x0000013d12227008.getObject()Ljava/lang/Object;+16
j  org.springframework.beans.factory.support.DefaultSingletonBeanRegistry.getSingleton(Ljava/lang/String;Lorg/springframework/beans/factory/ObjectFactory;)Ljava/lang/Object;+114
J 3209 c1 org.springframework.beans.factory.support.AbstractBeanFactory.doGetBean(Ljava/lang/String;Ljava/lang/Class;[Ljava/lang/Object;Z)Ljava/lang/Object; (740 bytes) @ 0x0000013d07f87bc4 [0x0000013d07f875a0+0x0000000000000624]
j  org.springframework.beans.factory.support.AbstractBeanFactory.getBean(Ljava/lang/String;)Ljava/lang/Object;+5
j  org.springframework.beans.factory.support.DefaultListableBeanFactory.preInstantiateSingletons()V+152
j  org.springframework.context.support.AbstractApplicationContext.finishBeanFactoryInitialization(Lorg/springframework/beans/factory/config/ConfigurableListableBeanFactory;)V+130
j  org.springframework.context.support.AbstractApplicationContext.refresh()V+94
j  org.springframework.boot.web.servlet.context.ServletWebServerApplicationContext.refresh()V+1
j  org.springframework.boot.SpringApplication.refresh(Lorg/springframework/context/ConfigurableApplicationContext;)V+1
j  org.springframework.boot.SpringApplication.refreshContext(Lorg/springframework/context/ConfigurableApplicationContext;)V+16
j  org.springframework.boot.SpringApplication.run([Ljava/lang/String;)Lorg/springframework/context/ConfigurableApplicationContext;+110
j  org.springframework.boot.SpringApplication.run([Ljava/lang/Class;[Ljava/lang/String;)Lorg/springframework/context/ConfigurableApplicationContext;+9
j  org.springframework.boot.SpringApplication.run(Ljava/lang/Class;[Ljava/lang/String;)Lorg/springframework/context/ConfigurableApplicationContext;+9
j  com.java.bookstore.BookstoreApplication.main([Ljava/lang/String;)V+11
v  ~StubRoutines::call_stub

---------------  P R O C E S S  ---------------

Threads class SMR info:
_java_thread_list=0x0000013d58a0cd10, length=29, elements={
0x0000013d7df1c630, 0x0000013d7f793420, 0x0000013d7f794940, 0x0000013d7f7a5820,
0x0000013d7f7a65a0, 0x0000013d7f7aab20, 0x0000013d7f7abb80, 0x0000013d7f7ad180,
0x0000013d7f7ade80, 0x0000013d1097e590, 0x0000013d10989490, 0x0000013d109899a0,
0x0000013d109ce350, 0x0000013d564557d0, 0x0000013d564743d0, 0x0000013d5646a3c0,
0x0000013d5649d840, 0x0000013d564f40a0, 0x0000013d564f2d60, 0x0000013d564f2890,
0x0000013d564f3230, 0x0000013d564f3700, 0x0000013d564f3bd0, 0x0000013d57fa83d0,
0x0000013d57fab8c0, 0x0000013d57fa4ee0, 0x0000013d57fa7f00, 0x0000013d57faaf20,
0x0000013d57fa4a10
}

Java Threads: ( => current thread )
=>0x0000013d7df1c630 JavaThread "main" [_thread_in_vm, id=5000, stack(0x000000122c800000,0x000000122c900000)]
  0x0000013d7f793420 JavaThread "Reference Handler" daemon [_thread_blocked, id=3716, stack(0x000000122cf00000,0x000000122d000000)]
  0x0000013d7f794940 JavaThread "Finalizer" daemon [_thread_blocked, id=13220, stack(0x000000122d000000,0x000000122d100000)]
  0x0000013d7f7a5820 JavaThread "Signal Dispatcher" daemon [_thread_blocked, id=6228, stack(0x000000122d100000,0x000000122d200000)]
  0x0000013d7f7a65a0 JavaThread "Attach Listener" daemon [_thread_blocked, id=9852, stack(0x000000122d200000,0x000000122d300000)]
  0x0000013d7f7aab20 JavaThread "Service Thread" daemon [_thread_blocked, id=13112, stack(0x000000122d300000,0x000000122d400000)]
  0x0000013d7f7abb80 JavaThread "Monitor Deflation Thread" daemon [_thread_blocked, id=10252, stack(0x000000122d400000,0x000000122d500000)]
  0x0000013d7f7ad180 JavaThread "C1 CompilerThread0" daemon [_thread_blocked, id=13348, stack(0x000000122d500000,0x000000122d600000)]
  0x0000013d7f7ade80 JavaThread "Sweeper thread" daemon [_thread_blocked, id=15268, stack(0x000000122d600000,0x000000122d700000)]
  0x0000013d1097e590 JavaThread "Common-Cleaner" daemon [_thread_blocked, id=15264, stack(0x000000122d700000,0x000000122d800000)]
  0x0000013d10989490 JavaThread "C1 CompilerThread1" daemon [_thread_blocked, id=5992, stack(0x000000122d800000,0x000000122d900000)]
  0x0000013d109899a0 JavaThread "C1 CompilerThread2" daemon [_thread_blocked, id=10296, stack(0x000000122d900000,0x000000122da00000)]
  0x0000013d109ce350 JavaThread "Notification Thread" daemon [_thread_blocked, id=9348, stack(0x000000122da00000,0x000000122db00000)]
  0x0000013d564557d0 JavaThread "C1 CompilerThread3" daemon [_thread_blocked, id=7928, stack(0x000000122db00000,0x000000122dc00000)]
  0x0000013d564743d0 JavaThread "RMI TCP Accept-0" daemon [_thread_in_native, id=12392, stack(0x000000122dc00000,0x000000122dd00000)]
  0x0000013d5646a3c0 JavaThread "RMI TCP Accept-53604" daemon [_thread_in_native, id=14080, stack(0x000000122dd00000,0x000000122de00000)]
  0x0000013d5649d840 JavaThread "RMI TCP Accept-0" daemon [_thread_in_native, id=7572, stack(0x000000122de00000,0x000000122df00000)]
  0x0000013d564f40a0 JavaThread "RMI TCP Connection(1)-127.0.0.1" daemon [_thread_in_native, id=11404, stack(0x000000122e800000,0x000000122e900000)]
  0x0000013d564f2d60 JavaThread "RMI Scheduler(0)" daemon [_thread_blocked, id=4628, stack(0x000000122e900000,0x000000122ea00000)]
  0x0000013d564f2890 JavaThread "RMI TCP Connection(2)-127.0.0.1" daemon [_thread_in_native, id=15104, stack(0x000000122ea00000,0x000000122eb00000)]
  0x0000013d564f3230 JavaThread "JMX server connection timeout 22" daemon [_thread_blocked, id=14216, stack(0x000000122eb00000,0x000000122ec00000)]
  0x0000013d564f3700 JavaThread "mysql-cj-abandoned-connection-cleanup" daemon [_thread_blocked, id=15760, stack(0x000000122ed00000,0x000000122ee00000)]
  0x0000013d564f3bd0 JavaThread "HikariPool-1 housekeeper" daemon [_thread_blocked, id=10476, stack(0x000000122f000000,0x000000122f100000)]
  0x0000013d57fa83d0 JavaThread "HikariPool-1 connection adder" daemon [_thread_blocked, id=13116, stack(0x000000122f100000,0x000000122f200000)]
  0x0000013d57fab8c0 JavaThread "Catalina-utility-1" [_thread_blocked, id=11836, stack(0x000000122f200000,0x000000122f300000)]
  0x0000013d57fa4ee0 JavaThread "Catalina-utility-2" [_thread_blocked, id=9220, stack(0x000000122f300000,0x000000122f400000)]
  0x0000013d57fa7f00 JavaThread "container-0" [_thread_blocked, id=14648, stack(0x000000122f400000,0x000000122f500000)]
  0x0000013d57faaf20 JavaThread "lettuce-eventExecutorLoop-1-1" daemon [_thread_blocked, id=7352, stack(0x000000122f500000,0x000000122f600000)]
  0x0000013d57fa4a10 JavaThread "lettuce-timer-3-1" daemon [_thread_blocked, id=10144, stack(0x000000122f600000,0x000000122f700000)]

Other Threads:
  0x0000013d7f78a4b0 VMThread "VM Thread" [stack: 0x000000122ce00000,0x000000122cf00000] [id=8588]
  0x0000013d7df922d0 WatcherThread [stack: 0x000000122df00000,0x000000122e000000] [id=7008]
  0x0000013d7df77e20 GCTaskThread "GC Thread#0" [stack: 0x000000122c900000,0x000000122ca00000] [id=1732]
  0x0000013d56974a00 GCTaskThread "GC Thread#1" [stack: 0x000000122e000000,0x000000122e100000] [id=10616]
  0x0000013d569ec470 GCTaskThread "GC Thread#2" [stack: 0x000000122e100000,0x000000122e200000] [id=12548]
  0x0000013d56a06020 GCTaskThread "GC Thread#3" [stack: 0x000000122e200000,0x000000122e300000] [id=2720]
  0x0000013d56a062d0 GCTaskThread "GC Thread#4" [stack: 0x000000122e300000,0x000000122e400000] [id=1452]
  0x0000013d56a06580 GCTaskThread "GC Thread#5" [stack: 0x000000122e400000,0x000000122e500000] [id=7100]
  0x0000013d56a06e40 GCTaskThread "GC Thread#6" [stack: 0x000000122e500000,0x000000122e600000] [id=8468]
  0x0000013d56b8ab50 GCTaskThread "GC Thread#7" [stack: 0x000000122ec00000,0x000000122ed00000] [id=13408]
  0x0000013d7df8b170 ConcurrentGCThread "G1 Main Marker" [stack: 0x000000122ca00000,0x000000122cb00000] [id=15180]
  0x0000013d7df8ba90 ConcurrentGCThread "G1 Conc#0" [stack: 0x000000122cb00000,0x000000122cc00000] [id=2724]
  0x0000013d57061560 ConcurrentGCThread "G1 Conc#1" [stack: 0x000000122ef00000,0x000000122f000000] [id=14120]
  0x0000013d7dfdd9b0 ConcurrentGCThread "G1 Refine#0" [stack: 0x000000122cc00000,0x000000122cd00000] [id=7848]
  0x0000013d56973420 ConcurrentGCThread "G1 Refine#1" [stack: 0x000000122e600000,0x000000122e700000] [id=8208]
  0x0000013d56973700 ConcurrentGCThread "G1 Refine#2" [stack: 0x000000122e700000,0x000000122e800000] [id=9572]
  0x0000013d7dfde2e0 ConcurrentGCThread "G1 Service" [stack: 0x000000122cd00000,0x000000122ce00000] [id=15516]

Threads with active compile tasks:

VM state: not at safepoint (normal execution)

VM Mutex/Monitor currently owned by a thread:  ([mutex/lock_event])
[0x0000013d7df177a0] Metaspace_lock - owner thread: 0x0000013d7df1c630

Heap address: 0x0000000081600000, size: 2026 MB, Compressed Oops mode: 32-bit

CDS archive(s) mapped at: [0x0000013d11000000-0x0000013d11bd0000-0x0000013d11bd0000), size 12386304, SharedBaseAddress: 0x0000013d11000000, ArchiveRelocationMode: 1.
Compressed class space mapped at: 0x0000013d12000000-0x0000013d52000000, reserved size: 1073741824
Narrow klass base: 0x0000013d11000000, Narrow klass shift: 0, Narrow klass range: 0x100000000

GC Precious Log:
 CPUs: 8 total, 8 available
 Memory: 8103M
 Large Page Support: Disabled
 NUMA Support: Disabled
 Compressed Oops: Enabled (32-bit)
 Heap Region Size: 1M
 Heap Min Capacity: 8M
 Heap Initial Capacity: 128M
 Heap Max Capacity: 2026M
 Pre-touch: Disabled
 Parallel Workers: 8
 Concurrent Workers: 2
 Concurrent Refinement Workers: 8
 Periodic GC: Disabled

Heap:
 garbage-first heap   total 139264K, used 93120K [0x0000000081600000, 0x0000000100000000)
  region size 1024K, 55 young (56320K), 7 survivors (7168K)
 Metaspace       used 78416K, committed 78976K, reserved 1179648K
  class space    used 11539K, committed 11776K, reserved 1048576K

Heap Regions: E=young(eden), S=young(survivor), O=old, HS=humongous(starts), HC=humongous(continues), CS=collection set, F=free, OA=open archive, CA=closed archive, TAMS=top-at-mark-start (previous, next)
|   0|0x0000000081600000, 0x0000000081700000, 0x0000000081700000|100%|HS|  |TAMS 0x0000000081700000, 0x0000000081600000| Complete 
|   1|0x0000000081700000, 0x0000000081800000, 0x0000000081800000|100%| O|  |TAMS 0x0000000081800000, 0x0000000081700000| Untracked 
|   2|0x0000000081800000, 0x0000000081900000, 0x0000000081900000|100%| O|  |TAMS 0x0000000081900000, 0x0000000081800000| Untracked 
|   3|0x0000000081900000, 0x0000000081a00000, 0x0000000081a00000|100%| O|  |TAMS 0x0000000081a00000, 0x0000000081900000| Untracked 
|   4|0x0000000081a00000, 0x0000000081b00000, 0x0000000081b00000|100%| O|  |TAMS 0x0000000081b00000, 0x0000000081a00000| Untracked 
|   5|0x0000000081b00000, 0x0000000081c00000, 0x0000000081c00000|100%| O|  |TAMS 0x0000000081c00000, 0x0000000081b00000| Untracked 
|   6|0x0000000081c00000, 0x0000000081d00000, 0x0000000081d00000|100%| O|  |TAMS 0x0000000081d00000, 0x0000000081c00000| Untracked 
|   7|0x0000000081d00000, 0x0000000081e00000, 0x0000000081e00000|100%| O|  |TAMS 0x0000000081e00000, 0x0000000081d00000| Untracked 
|   8|0x0000000081e00000, 0x0000000081f00000, 0x0000000081f00000|100%| O|  |TAMS 0x0000000081f00000, 0x0000000081e00000| Untracked 
|   9|0x0000000081f00000, 0x0000000082000000, 0x0000000082000000|100%| O|  |TAMS 0x0000000082000000, 0x0000000081f00000| Untracked 
|  10|0x0000000082000000, 0x0000000082100000, 0x0000000082100000|100%| O|  |TAMS 0x0000000082100000, 0x0000000082000000| Untracked 
|  11|0x0000000082100000, 0x0000000082200000, 0x0000000082200000|100%| O|  |TAMS 0x0000000082200000, 0x0000000082100000| Untracked 
|  12|0x0000000082200000, 0x0000000082300000, 0x0000000082300000|100%| O|  |TAMS 0x0000000082300000, 0x0000000082200000| Untracked 
|  13|0x0000000082300000, 0x0000000082400000, 0x0000000082400000|100%| O|  |TAMS 0x0000000082400000, 0x0000000082300000| Untracked 
|  14|0x0000000082400000, 0x0000000082500000, 0x0000000082500000|100%| O|  |TAMS 0x0000000082500000, 0x0000000082400000| Untracked 
|  15|0x0000000082500000, 0x0000000082600000, 0x0000000082600000|100%| O|  |TAMS 0x0000000082600000, 0x0000000082500000| Untracked 
|  16|0x0000000082600000, 0x0000000082700000, 0x0000000082700000|100%| O|  |TAMS 0x0000000082700000, 0x0000000082600000| Untracked 
|  17|0x0000000082700000, 0x0000000082800000, 0x0000000082800000|100%| O|  |TAMS 0x0000000082800000, 0x0000000082700000| Untracked 
|  18|0x0000000082800000, 0x0000000082900000, 0x0000000082900000|100%| O|  |TAMS 0x0000000082900000, 0x0000000082800000| Untracked 
|  19|0x0000000082900000, 0x0000000082a00000, 0x0000000082a00000|100%| O|  |TAMS 0x0000000082a00000, 0x0000000082900000| Untracked 
|  20|0x0000000082a00000, 0x0000000082b00000, 0x0000000082b00000|100%| O|  |TAMS 0x0000000082b00000, 0x0000000082a00000| Untracked 
|  21|0x0000000082b00000, 0x0000000082bbd400, 0x0000000082c00000| 73%| O|  |TAMS 0x0000000082bbd400, 0x0000000082b00000| Untracked 
|  22|0x0000000082c00000, 0x0000000082d00000, 0x0000000082d00000|100%| O|  |TAMS 0x0000000082d00000, 0x0000000082c00000| Untracked 
|  23|0x0000000082d00000, 0x0000000082e00000, 0x0000000082e00000|100%| O|  |TAMS 0x0000000082e00000, 0x0000000082d00000| Untracked 
|  24|0x0000000082e00000, 0x0000000082f00000, 0x0000000082f00000|100%| O|  |TAMS 0x0000000082f00000, 0x0000000082e00000| Untracked 
|  25|0x0000000082f00000, 0x0000000083000000, 0x0000000083000000|100%| O|  |TAMS 0x0000000083000000, 0x0000000082f00000| Untracked 
|  26|0x0000000083000000, 0x0000000083100000, 0x0000000083100000|100%| O|  |TAMS 0x0000000083100000, 0x0000000083000000| Untracked 
|  27|0x0000000083100000, 0x0000000083200000, 0x0000000083200000|100%| O|  |TAMS 0x0000000083200000, 0x0000000083100000| Untracked 
|  28|0x0000000083200000, 0x0000000083300000, 0x0000000083300000|100%| O|  |TAMS 0x0000000083300000, 0x0000000083200000| Untracked 
|  29|0x0000000083300000, 0x0000000083400000, 0x0000000083400000|100%| O|  |TAMS 0x00000000833c9a00, 0x0000000083300000| Untracked 
|  30|0x0000000083400000, 0x0000000083500000, 0x0000000083500000|100%| O|  |TAMS 0x0000000083400000, 0x0000000083400000| Untracked 
|  31|0x0000000083500000, 0x0000000083600000, 0x0000000083600000|100%| O|  |TAMS 0x0000000083500000, 0x0000000083500000| Untracked 
|  32|0x0000000083600000, 0x0000000083700000, 0x0000000083700000|100%| O|  |TAMS 0x0000000083600000, 0x0000000083600000| Untracked 
|  33|0x0000000083700000, 0x0000000083800000, 0x0000000083800000|100%| O|  |TAMS 0x0000000083700000, 0x0000000083700000| Untracked 
|  34|0x0000000083800000, 0x0000000083900000, 0x0000000083900000|100%| O|  |TAMS 0x0000000083800000, 0x0000000083800000| Untracked 
|  35|0x0000000083900000, 0x0000000083a00000, 0x0000000083a00000|100%| O|  |TAMS 0x0000000083900000, 0x0000000083900000| Untracked 
|  36|0x0000000083a00000, 0x0000000083b00000, 0x0000000083b00000|100%| O|  |TAMS 0x0000000083a00000, 0x0000000083a00000| Untracked 
|  37|0x0000000083b00000, 0x0000000083b63400, 0x0000000083c00000| 38%| O|  |TAMS 0x0000000083b00000, 0x0000000083b00000| Untracked 
|  38|0x0000000083c00000, 0x0000000083c00000, 0x0000000083d00000|  0%| F|  |TAMS 0x0000000083c00000, 0x0000000083c00000| Untracked 
|  39|0x0000000083d00000, 0x0000000083d00000, 0x0000000083e00000|  0%| F|  |TAMS 0x0000000083d00000, 0x0000000083d00000| Untracked 
|  40|0x0000000083e00000, 0x0000000083e00000, 0x0000000083f00000|  0%| F|  |TAMS 0x0000000083e00000, 0x0000000083e00000| Untracked 
|  41|0x0000000083f00000, 0x0000000083f00000, 0x0000000084000000|  0%| F|  |TAMS 0x0000000083f00000, 0x0000000083f00000| Untracked 
|  42|0x0000000084000000, 0x0000000084000000, 0x0000000084100000|  0%| F|  |TAMS 0x0000000084000000, 0x0000000084000000| Untracked 
|  43|0x0000000084100000, 0x0000000084100000, 0x0000000084200000|  0%| F|  |TAMS 0x0000000084100000, 0x0000000084100000| Untracked 
|  44|0x0000000084200000, 0x0000000084200000, 0x0000000084300000|  0%| F|  |TAMS 0x0000000084200000, 0x0000000084200000| Untracked 
|  45|0x0000000084300000, 0x0000000084300000, 0x0000000084400000|  0%| F|  |TAMS 0x0000000084300000, 0x0000000084300000| Untracked 
|  46|0x0000000084400000, 0x0000000084400000, 0x0000000084500000|  0%| F|  |TAMS 0x0000000084400000, 0x0000000084400000| Untracked 
|  47|0x0000000084500000, 0x0000000084500000, 0x0000000084600000|  0%| F|  |TAMS 0x0000000084500000, 0x0000000084500000| Untracked 
|  48|0x0000000084600000, 0x0000000084600000, 0x0000000084700000|  0%| F|  |TAMS 0x0000000084600000, 0x0000000084600000| Untracked 
|  49|0x0000000084700000, 0x0000000084700000, 0x0000000084800000|  0%| F|  |TAMS 0x0000000084700000, 0x0000000084700000| Untracked 
|  50|0x0000000084800000, 0x0000000084800000, 0x0000000084900000|  0%| F|  |TAMS 0x0000000084800000, 0x0000000084800000| Untracked 
|  51|0x0000000084900000, 0x0000000084900000, 0x0000000084a00000|  0%| F|  |TAMS 0x0000000084900000, 0x0000000084900000| Untracked 
|  52|0x0000000084a00000, 0x0000000084a00000, 0x0000000084b00000|  0%| F|  |TAMS 0x0000000084a00000, 0x0000000084a00000| Untracked 
|  53|0x0000000084b00000, 0x0000000084bcfa50, 0x0000000084c00000| 81%| S|CS|TAMS 0x0000000084b00000, 0x0000000084b00000| Complete 
|  54|0x0000000084c00000, 0x0000000084d00000, 0x0000000084d00000|100%| S|CS|TAMS 0x0000000084c00000, 0x0000000084c00000| Complete 
|  55|0x0000000084d00000, 0x0000000084e00000, 0x0000000084e00000|100%| S|CS|TAMS 0x0000000084d00000, 0x0000000084d00000| Complete 
|  56|0x0000000084e00000, 0x0000000084e00000, 0x0000000084f00000|  0%| F|  |TAMS 0x0000000084e00000, 0x0000000084e00000| Untracked 
|  57|0x0000000084f00000, 0x0000000084f00000, 0x0000000085000000|  0%| F|  |TAMS 0x0000000084f00000, 0x0000000084f00000| Untracked 
|  58|0x0000000085000000, 0x0000000085000000, 0x0000000085100000|  0%| F|  |TAMS 0x0000000085000000, 0x0000000085000000| Untracked 
|  59|0x0000000085100000, 0x0000000085100000, 0x0000000085200000|  0%| F|  |TAMS 0x0000000085100000, 0x0000000085100000| Untracked 
|  60|0x0000000085200000, 0x0000000085300000, 0x0000000085300000|100%| S|CS|TAMS 0x0000000085200000, 0x0000000085200000| Complete 
|  61|0x0000000085300000, 0x0000000085400000, 0x0000000085400000|100%| S|CS|TAMS 0x0000000085300000, 0x0000000085300000| Complete 
|  62|0x0000000085400000, 0x0000000085500000, 0x0000000085500000|100%| S|CS|TAMS 0x0000000085400000, 0x0000000085400000| Complete 
|  63|0x0000000085500000, 0x0000000085600000, 0x0000000085600000|100%| S|CS|TAMS 0x0000000085500000, 0x0000000085500000| Complete 
|  64|0x0000000085600000, 0x0000000085600000, 0x0000000085700000|  0%| F|  |TAMS 0x0000000085600000, 0x0000000085600000| Untracked 
|  65|0x0000000085700000, 0x0000000085700000, 0x0000000085800000|  0%| F|  |TAMS 0x0000000085700000, 0x0000000085700000| Untracked 
|  66|0x0000000085800000, 0x0000000085800000, 0x0000000085900000|  0%| F|  |TAMS 0x0000000085800000, 0x0000000085800000| Untracked 
|  67|0x0000000085900000, 0x0000000085900000, 0x0000000085a00000|  0%| F|  |TAMS 0x0000000085900000, 0x0000000085900000| Untracked 
|  68|0x0000000085a00000, 0x0000000085a00000, 0x0000000085b00000|  0%| F|  |TAMS 0x0000000085a00000, 0x0000000085a00000| Untracked 
|  69|0x0000000085b00000, 0x0000000085b00000, 0x0000000085c00000|  0%| F|  |TAMS 0x0000000085b00000, 0x0000000085b00000| Untracked 
|  70|0x0000000085c00000, 0x0000000085c00000, 0x0000000085d00000|  0%| F|  |TAMS 0x0000000085c00000, 0x0000000085c00000| Untracked 
|  71|0x0000000085d00000, 0x0000000085d00000, 0x0000000085e00000|  0%| F|  |TAMS 0x0000000085d00000, 0x0000000085d00000| Untracked 
|  72|0x0000000085e00000, 0x0000000085e00000, 0x0000000085f00000|  0%| F|  |TAMS 0x0000000085e00000, 0x0000000085e00000| Untracked 
|  73|0x0000000085f00000, 0x0000000085f00000, 0x0000000086000000|  0%| F|  |TAMS 0x0000000085f00000, 0x0000000085f00000| Untracked 
|  74|0x0000000086000000, 0x0000000086000000, 0x0000000086100000|  0%| F|  |TAMS 0x0000000086000000, 0x0000000086000000| Untracked 
|  75|0x0000000086100000, 0x0000000086100000, 0x0000000086200000|  0%| F|  |TAMS 0x0000000086100000, 0x0000000086100000| Untracked 
|  76|0x0000000086200000, 0x0000000086200000, 0x0000000086300000|  0%| F|  |TAMS 0x0000000086200000, 0x0000000086200000| Untracked 
|  77|0x0000000086300000, 0x0000000086300000, 0x0000000086400000|  0%| F|  |TAMS 0x0000000086300000, 0x0000000086300000| Untracked 
|  78|0x0000000086400000, 0x0000000086400000, 0x0000000086500000|  0%| F|  |TAMS 0x0000000086400000, 0x0000000086400000| Untracked 
|  79|0x0000000086500000, 0x0000000086500000, 0x0000000086600000|  0%| F|  |TAMS 0x0000000086500000, 0x0000000086500000| Untracked 
|  80|0x0000000086600000, 0x0000000086600000, 0x0000000086700000|  0%| F|  |TAMS 0x0000000086600000, 0x0000000086600000| Untracked 
|  81|0x0000000086700000, 0x0000000086700000, 0x0000000086800000|  0%| F|  |TAMS 0x0000000086700000, 0x0000000086700000| Untracked 
|  82|0x0000000086800000, 0x0000000086800000, 0x0000000086900000|  0%| F|  |TAMS 0x0000000086800000, 0x0000000086800000| Untracked 
|  83|0x0000000086900000, 0x0000000086900000, 0x0000000086a00000|  0%| F|  |TAMS 0x0000000086900000, 0x0000000086900000| Untracked 
|  84|0x0000000086a00000, 0x0000000086a00000, 0x0000000086b00000|  0%| F|  |TAMS 0x0000000086a00000, 0x0000000086a00000| Untracked 
|  85|0x0000000086b00000, 0x0000000086b00000, 0x0000000086c00000|  0%| F|  |TAMS 0x0000000086b00000, 0x0000000086b00000| Untracked 
|  86|0x0000000086c00000, 0x0000000086c00000, 0x0000000086d00000|  0%| F|  |TAMS 0x0000000086c00000, 0x0000000086c00000| Untracked 
|  87|0x0000000086d00000, 0x0000000086d00000, 0x0000000086e00000|  0%| F|  |TAMS 0x0000000086d00000, 0x0000000086d00000| Untracked 
|  88|0x0000000086e00000, 0x0000000086e80800, 0x0000000086f00000| 50%| E|  |TAMS 0x0000000086e00000, 0x0000000086e00000| Complete 
|  89|0x0000000086f00000, 0x0000000087000000, 0x0000000087000000|100%| E|CS|TAMS 0x0000000086f00000, 0x0000000086f00000| Complete 
|  90|0x0000000087000000, 0x0000000087100000, 0x0000000087100000|100%| E|CS|TAMS 0x0000000087000000, 0x0000000087000000| Complete 
|  91|0x0000000087100000, 0x0000000087200000, 0x0000000087200000|100%| E|CS|TAMS 0x0000000087100000, 0x0000000087100000| Complete 
|  92|0x0000000087200000, 0x0000000087300000, 0x0000000087300000|100%| E|CS|TAMS 0x0000000087200000, 0x0000000087200000| Complete 
|  93|0x0000000087300000, 0x0000000087400000, 0x0000000087400000|100%| E|CS|TAMS 0x0000000087300000, 0x0000000087300000| Complete 
|  94|0x0000000087400000, 0x0000000087500000, 0x0000000087500000|100%| E|CS|TAMS 0x0000000087400000, 0x0000000087400000| Complete 
|  95|0x0000000087500000, 0x0000000087600000, 0x0000000087600000|100%| E|CS|TAMS 0x0000000087500000, 0x0000000087500000| Complete 
|  96|0x0000000087600000, 0x0000000087700000, 0x0000000087700000|100%| E|CS|TAMS 0x0000000087600000, 0x0000000087600000| Complete 
|  97|0x0000000087700000, 0x0000000087800000, 0x0000000087800000|100%| E|CS|TAMS 0x0000000087700000, 0x0000000087700000| Complete 
|  98|0x0000000087800000, 0x0000000087900000, 0x0000000087900000|100%| E|CS|TAMS 0x0000000087800000, 0x0000000087800000| Complete 
|  99|0x0000000087900000, 0x0000000087a00000, 0x0000000087a00000|100%| E|CS|TAMS 0x0000000087900000, 0x0000000087900000| Complete 
| 100|0x0000000087a00000, 0x0000000087b00000, 0x0000000087b00000|100%| E|CS|TAMS 0x0000000087a00000, 0x0000000087a00000| Complete 
| 101|0x0000000087b00000, 0x0000000087c00000, 0x0000000087c00000|100%| E|CS|TAMS 0x0000000087b00000, 0x0000000087b00000| Complete 
| 102|0x0000000087c00000, 0x0000000087d00000, 0x0000000087d00000|100%| E|CS|TAMS 0x0000000087c00000, 0x0000000087c00000| Complete 
| 103|0x0000000087d00000, 0x0000000087e00000, 0x0000000087e00000|100%| E|CS|TAMS 0x0000000087d00000, 0x0000000087d00000| Complete 
| 104|0x0000000087e00000, 0x0000000087f00000, 0x0000000087f00000|100%| E|CS|TAMS 0x0000000087e00000, 0x0000000087e00000| Complete 
| 105|0x0000000087f00000, 0x0000000088000000, 0x0000000088000000|100%| E|CS|TAMS 0x0000000087f00000, 0x0000000087f00000| Complete 
| 106|0x0000000088000000, 0x0000000088100000, 0x0000000088100000|100%| E|CS|TAMS 0x0000000088000000, 0x0000000088000000| Complete 
| 107|0x0000000088100000, 0x0000000088200000, 0x0000000088200000|100%| E|CS|TAMS 0x0000000088100000, 0x0000000088100000| Complete 
| 108|0x0000000088200000, 0x0000000088300000, 0x0000000088300000|100%| E|CS|TAMS 0x0000000088200000, 0x0000000088200000| Complete 
| 109|0x0000000088300000, 0x0000000088400000, 0x0000000088400000|100%| E|CS|TAMS 0x0000000088300000, 0x0000000088300000| Complete 
| 110|0x0000000088400000, 0x0000000088500000, 0x0000000088500000|100%| E|CS|TAMS 0x0000000088400000, 0x0000000088400000| Complete 
| 111|0x0000000088500000, 0x0000000088600000, 0x0000000088600000|100%| E|CS|TAMS 0x0000000088500000, 0x0000000088500000| Complete 
| 112|0x0000000088600000, 0x0000000088700000, 0x0000000088700000|100%| E|CS|TAMS 0x0000000088600000, 0x0000000088600000| Complete 
| 113|0x0000000088700000, 0x0000000088800000, 0x0000000088800000|100%| E|CS|TAMS 0x0000000088700000, 0x0000000088700000| Complete 
| 114|0x0000000088800000, 0x0000000088900000, 0x0000000088900000|100%| E|CS|TAMS 0x0000000088800000, 0x0000000088800000| Complete 
| 115|0x0000000088900000, 0x0000000088a00000, 0x0000000088a00000|100%| E|CS|TAMS 0x0000000088900000, 0x0000000088900000| Complete 
| 116|0x0000000088a00000, 0x0000000088b00000, 0x0000000088b00000|100%| E|CS|TAMS 0x0000000088a00000, 0x0000000088a00000| Complete 
| 117|0x0000000088b00000, 0x0000000088c00000, 0x0000000088c00000|100%| E|CS|TAMS 0x0000000088b00000, 0x0000000088b00000| Complete 
| 118|0x0000000088c00000, 0x0000000088d00000, 0x0000000088d00000|100%| E|CS|TAMS 0x0000000088c00000, 0x0000000088c00000| Complete 
| 119|0x0000000088d00000, 0x0000000088e00000, 0x0000000088e00000|100%| E|CS|TAMS 0x0000000088d00000, 0x0000000088d00000| Complete 
| 120|0x0000000088e00000, 0x0000000088f00000, 0x0000000088f00000|100%| E|CS|TAMS 0x0000000088e00000, 0x0000000088e00000| Complete 
| 121|0x0000000088f00000, 0x0000000089000000, 0x0000000089000000|100%| E|CS|TAMS 0x0000000088f00000, 0x0000000088f00000| Complete 
| 122|0x0000000089000000, 0x0000000089100000, 0x0000000089100000|100%| E|CS|TAMS 0x0000000089000000, 0x0000000089000000| Complete 
| 123|0x0000000089100000, 0x0000000089200000, 0x0000000089200000|100%| E|CS|TAMS 0x0000000089100000, 0x0000000089100000| Complete 
| 124|0x0000000089200000, 0x0000000089300000, 0x0000000089300000|100%| E|CS|TAMS 0x0000000089200000, 0x0000000089200000| Complete 
| 125|0x0000000089300000, 0x0000000089400000, 0x0000000089400000|100%| E|CS|TAMS 0x0000000089300000, 0x0000000089300000| Complete 
| 126|0x0000000089400000, 0x0000000089500000, 0x0000000089500000|100%| E|CS|TAMS 0x0000000089400000, 0x0000000089400000| Complete 
| 127|0x0000000089500000, 0x0000000089600000, 0x0000000089600000|100%| E|CS|TAMS 0x0000000089500000, 0x0000000089500000| Complete 
| 128|0x0000000089600000, 0x0000000089700000, 0x0000000089700000|100%| E|CS|TAMS 0x0000000089600000, 0x0000000089600000| Complete 
| 129|0x0000000089700000, 0x0000000089800000, 0x0000000089800000|100%| E|CS|TAMS 0x0000000089700000, 0x0000000089700000| Complete 
| 130|0x0000000089800000, 0x0000000089900000, 0x0000000089900000|100%| E|CS|TAMS 0x0000000089800000, 0x0000000089800000| Complete 
| 131|0x0000000089900000, 0x0000000089a00000, 0x0000000089a00000|100%| E|CS|TAMS 0x0000000089900000, 0x0000000089900000| Complete 
| 132|0x0000000089a00000, 0x0000000089b00000, 0x0000000089b00000|100%| E|CS|TAMS 0x0000000089a00000, 0x0000000089a00000| Complete 
| 133|0x0000000089b00000, 0x0000000089c00000, 0x0000000089c00000|100%| E|CS|TAMS 0x0000000089b00000, 0x0000000089b00000| Complete 
| 134|0x0000000089c00000, 0x0000000089d00000, 0x0000000089d00000|100%| E|CS|TAMS 0x0000000089c00000, 0x0000000089c00000| Complete 
| 135|0x0000000089d00000, 0x0000000089e00000, 0x0000000089e00000|100%| E|CS|TAMS 0x0000000089d00000, 0x0000000089d00000| Complete 

Card table byte_map: [0x0000013d7e4f0000,0x0000013d7e8f0000] _byte_map_base: 0x0000013d7e0e5000

Marking Bits (Prev, Next): (CMBitMap*) 0x0000013d7df7a3a0, (CMBitMap*) 0x0000013d7df7a360
 Prev Bits: [0x0000013d0c780000, 0x0000013d0e728000)
 Next Bits: [0x0000013d0a7d0000, 0x0000013d0c778000)

Polling page: 0x0000013d7bf10000

Metaspace:

Usage:
  Non-class:     65.31 MB used.
      Class:     11.27 MB used.
       Both:     76.58 MB used.

Virtual space:
  Non-class space:      128.00 MB reserved,      65.62 MB ( 51%) committed,  2 nodes.
      Class space:        1.00 GB reserved,      11.50 MB (  1%) committed,  1 nodes.
             Both:        1.12 GB reserved,      77.12 MB (  7%) committed. 

Chunk freelists:
   Non-Class:  14.09 MB
       Class:  4.42 MB
        Both:  18.52 MB

MaxMetaspaceSize: unlimited
CompressedClassSpaceSize: 1.00 GB
Initial GC threshold: 21.00 MB
Current GC threshold: 99.38 MB
CDS: on
MetaspaceReclaimPolicy: balanced
 - commit_granule_bytes: 65536.
 - commit_granule_words: 8192.
 - virtual_space_node_default_size: 8388608.
 - enlarge_chunks_in_place: 1.
 - new_chunks_are_fully_committed: 0.
 - uncommit_free_chunks: 1.
 - use_allocation_guard: 0.
 - handle_deallocations: 1.


Internal statistics:

num_allocs_failed_limit: 11.
num_arena_births: 864.
num_arena_deaths: 0.
num_vsnodes_births: 3.
num_vsnodes_deaths: 0.
num_space_committed: 1234.
num_space_uncommitted: 0.
num_chunks_returned_to_freelist: 11.
num_chunks_taken_from_freelist: 3775.
num_chunk_merges: 11.
num_chunk_splits: 2801.
num_chunks_enlarged: 2227.
num_purges: 0.
num_inconsistent_stats: 0.

CodeCache: size=49152Kb used=14709Kb max_used=14709Kb free=34442Kb
 bounds [0x0000013d077d0000, 0x0000013d08630000, 0x0000013d0a7d0000]
 total_blobs=8189 nmethods=7488 adapters=624
 compilation: enabled
              stopped_count=0, restarted_count=0
 full_count=0

Compilation events (20 events):
Event: 8.516 Thread 0x0000013d109899a0 7479       1       java.util.IdentityHashMap::<init> (44 bytes)
Event: 8.516 Thread 0x0000013d109899a0 nmethod 7479 0x0000013d08628b10 code [0x0000013d08628d00, 0x0000013d08629248]
Event: 8.527 Thread 0x0000013d109899a0 7480       1       org.springframework.core.BridgeMethodResolver::isBridgeMethodFor (35 bytes)
Event: 8.528 Thread 0x0000013d109899a0 nmethod 7480 0x0000013d08629490 code [0x0000013d08629640, 0x0000013d086297c8]
Event: 8.529 Thread 0x0000013d7f7ad180 7481       1       sun.reflect.generics.parser.SignatureParser::parseFormalTypeParameters (119 bytes)
Event: 8.529 Thread 0x0000013d564557d0 7482       1       org.aspectj.weaver.ReferenceType::getGenericType (14 bytes)
Event: 8.530 Thread 0x0000013d564557d0 nmethod 7482 0x0000013d08629890 code [0x0000013d08629a40, 0x0000013d08629b68]
Event: 8.530 Thread 0x0000013d7f7ad180 nmethod 7481 0x0000013d08629c10 code [0x0000013d08629ec0, 0x0000013d0862a898]
Event: 8.530 Thread 0x0000013d7f7ad180 7483       1       org.aspectj.internal.lang.reflect.AjTypeImpl::isAspect (18 bytes)
Event: 8.530 Thread 0x0000013d7f7ad180 nmethod 7483 0x0000013d0862ae90 code [0x0000013d0862b040, 0x0000013d0862b1d8]
Event: 8.532 Thread 0x0000013d109899a0 7484   !   1       jdk.proxy2.$Proxy93::annotationType (29 bytes)
Event: 8.532 Thread 0x0000013d109899a0 nmethod 7484 0x0000013d0862b310 code [0x0000013d0862b4c0, 0x0000013d0862b6d8]
Event: 8.548 Thread 0x0000013d7f7ad180 7485   !   1       java.nio.charset.CharsetDecoder::decode (275 bytes)
Event: 8.548 Thread 0x0000013d7f7ad180 nmethod 7485 0x0000013d0862b810 code [0x0000013d0862ba40, 0x0000013d0862c048]
Event: 8.551 Thread 0x0000013d109899a0 7486       1       java.security.Provider::getName (5 bytes)
Event: 8.551 Thread 0x0000013d109899a0 nmethod 7486 0x0000013d0862c390 code [0x0000013d0862c520, 0x0000013d0862c5f8]
Event: 8.561 Thread 0x0000013d10989490 7487   !   1       sun.net.www.protocol.jar.Handler::hashCode (113 bytes)
Event: 8.562 Thread 0x0000013d10989490 nmethod 7487 0x0000013d0862c990 code [0x0000013d0862cbc0, 0x0000013d0862d0a8]
Event: 8.566 Thread 0x0000013d109899a0 7488       1       org.springframework.aop.aspectj.AspectJExpressionPointcut::getMethodMatcher (7 bytes)
Event: 8.566 Thread 0x0000013d109899a0 nmethod 7488 0x0000013d0862d490 code [0x0000013d0862d620, 0x0000013d0862d708]

GC Heap History (20 events):
Event: 2.480 GC heap before
{Heap before GC invocations=6 (full 0):
 garbage-first heap   total 68608K, used 22189K [0x0000000081600000, 0x0000000100000000)
  region size 1024K, 6 young (6144K), 5 survivors (5120K)
 Metaspace       used 24284K, committed 24576K, reserved 1114112K
  class space    used 3316K, committed 3456K, reserved 1048576K
}
Event: 2.485 GC heap after
{Heap after GC invocations=7 (full 0):
 garbage-first heap   total 68608K, used 22097K [0x0000000081600000, 0x0000000100000000)
  region size 1024K, 1 young (1024K), 1 survivors (1024K)
 Metaspace       used 24284K, committed 24576K, reserved 1114112K
  class space    used 3316K, committed 3456K, reserved 1048576K
}
Event: 2.854 GC heap before
{Heap before GC invocations=7 (full 0):
 garbage-first heap   total 68608K, used 46673K [0x0000000081600000, 0x0000000100000000)
  region size 1024K, 25 young (25600K), 1 survivors (1024K)
 Metaspace       used 27016K, committed 27328K, reserved 1114112K
  class space    used 3721K, committed 3904K, reserved 1048576K
}
Event: 2.860 GC heap after
{Heap after GC invocations=8 (full 0):
 garbage-first heap   total 137216K, used 22948K [0x0000000081600000, 0x0000000100000000)
  region size 1024K, 2 young (2048K), 2 survivors (2048K)
 Metaspace       used 27016K, committed 27328K, reserved 1114112K
  class space    used 3721K, committed 3904K, reserved 1048576K
}
Event: 3.922 GC heap before
{Heap before GC invocations=8 (full 0):
 garbage-first heap   total 137216K, used 80292K [0x0000000081600000, 0x0000000100000000)
  region size 1024K, 59 young (60416K), 2 survivors (2048K)
 Metaspace       used 35895K, committed 36288K, reserved 1114112K
  class space    used 5050K, committed 5248K, reserved 1048576K
}
Event: 3.930 GC heap after
{Heap after GC invocations=9 (full 0):
 garbage-first heap   total 137216K, used 26972K [0x0000000081600000, 0x0000000100000000)
  region size 1024K, 6 young (6144K), 6 survivors (6144K)
 Metaspace       used 35895K, committed 36288K, reserved 1114112K
  class space    used 5050K, committed 5248K, reserved 1048576K
}
Event: 4.689 GC heap before
{Heap before GC invocations=10 (full 0):
 garbage-first heap   total 96256K, used 78172K [0x0000000081600000, 0x0000000100000000)
  region size 1024K, 56 young (57344K), 6 survivors (6144K)
 Metaspace       used 40563K, committed 41088K, reserved 1114112K
  class space    used 5720K, committed 5952K, reserved 1048576K
}
Event: 4.703 GC heap after
{Heap after GC invocations=11 (full 0):
 garbage-first heap   total 96256K, used 30598K [0x0000000081600000, 0x0000000100000000)
  region size 1024K, 4 young (4096K), 4 survivors (4096K)
 Metaspace       used 40563K, committed 41088K, reserved 1114112K
  class space    used 5720K, committed 5952K, reserved 1048576K
}
Event: 5.587 GC heap before
{Heap before GC invocations=11 (full 0):
 garbage-first heap   total 96256K, used 72582K [0x0000000081600000, 0x0000000100000000)
  region size 1024K, 45 young (46080K), 4 survivors (4096K)
 Metaspace       used 51013K, committed 51456K, reserved 1114112K
  class space    used 7214K, committed 7424K, reserved 1048576K
}
Event: 5.597 GC heap after
{Heap after GC invocations=12 (full 0):
 garbage-first heap   total 96256K, used 33667K [0x0000000081600000, 0x0000000100000000)
  region size 1024K, 4 young (4096K), 4 survivors (4096K)
 Metaspace       used 51013K, committed 51456K, reserved 1114112K
  class space    used 7214K, committed 7424K, reserved 1048576K
}
Event: 6.254 GC heap before
{Heap before GC invocations=12 (full 0):
 garbage-first heap   total 96256K, used 73603K [0x0000000081600000, 0x0000000100000000)
  region size 1024K, 43 young (44032K), 4 survivors (4096K)
 Metaspace       used 59503K, committed 59968K, reserved 1114112K
  class space    used 8540K, committed 8768K, reserved 1048576K
}
Event: 6.265 GC heap after
{Heap after GC invocations=13 (full 0):
 garbage-first heap   total 115712K, used 34941K [0x0000000081600000, 0x0000000100000000)
  region size 1024K, 5 young (5120K), 5 survivors (5120K)
 Metaspace       used 59503K, committed 59968K, reserved 1114112K
  class space    used 8540K, committed 8768K, reserved 1048576K
}
Event: 6.347 GC heap before
{Heap before GC invocations=13 (full 0):
 garbage-first heap   total 115712K, used 39037K [0x0000000081600000, 0x0000000100000000)
  region size 1024K, 10 young (10240K), 5 survivors (5120K)
 Metaspace       used 60313K, committed 60736K, reserved 1114112K
  class space    used 8677K, committed 8896K, reserved 1048576K
}
Event: 6.354 GC heap after
{Heap after GC invocations=14 (full 0):
 garbage-first heap   total 115712K, used 35156K [0x0000000081600000, 0x0000000100000000)
  region size 1024K, 2 young (2048K), 2 survivors (2048K)
 Metaspace       used 60313K, committed 60736K, reserved 1114112K
  class space    used 8677K, committed 8896K, reserved 1048576K
}
Event: 7.177 GC heap before
{Heap before GC invocations=15 (full 0):
 garbage-first heap   total 115712K, used 91476K [0x0000000081600000, 0x0000000100000000)
  region size 1024K, 57 young (58368K), 2 survivors (2048K)
 Metaspace       used 66641K, committed 67200K, reserved 1114112K
  class space    used 9660K, committed 9920K, reserved 1048576K
}
Event: 7.187 GC heap after
{Heap after GC invocations=16 (full 0):
 garbage-first heap   total 115712K, used 38200K [0x0000000081600000, 0x0000000100000000)
  region size 1024K, 5 young (5120K), 5 survivors (5120K)
 Metaspace       used 66641K, committed 67200K, reserved 1114112K
  class space    used 9660K, committed 9920K, reserved 1048576K
}
Event: 7.777 GC heap before
{Heap before GC invocations=16 (full 0):
 garbage-first heap   total 115712K, used 92472K [0x0000000081600000, 0x0000000100000000)
  region size 1024K, 58 young (59392K), 5 survivors (5120K)
 Metaspace       used 72417K, committed 73024K, reserved 1114112K
  class space    used 10466K, committed 10752K, reserved 1048576K
}
Event: 7.784 GC heap after
{Heap after GC invocations=17 (full 0):
 garbage-first heap   total 115712K, used 41287K [0x0000000081600000, 0x0000000100000000)
  region size 1024K, 7 young (7168K), 7 survivors (7168K)
 Metaspace       used 72417K, committed 73024K, reserved 1114112K
  class space    used 10466K, committed 10752K, reserved 1048576K
}
Event: 8.215 GC heap before
{Heap before GC invocations=17 (full 0):
 garbage-first heap   total 115712K, used 90439K [0x0000000081600000, 0x0000000100000000)
  region size 1024K, 56 young (57344K), 7 survivors (7168K)
 Metaspace       used 77077K, committed 77696K, reserved 1179648K
  class space    used 11340K, committed 11648K, reserved 1048576K
}
Event: 8.223 GC heap after
{Heap after GC invocations=18 (full 0):
 garbage-first heap   total 139264K, used 44992K [0x0000000081600000, 0x0000000100000000)
  region size 1024K, 7 young (7168K), 7 survivors (7168K)
 Metaspace       used 77077K, committed 77696K, reserved 1179648K
  class space    used 11340K, committed 11648K, reserved 1048576K
}

Deoptimization events (14 events):
Event: 1.569 Thread 0x0000013d7df1c630 DEOPT PACKING pc=0x0000013d07d7d819 sp=0x000000122c8fd0c0
Event: 1.569 Thread 0x0000013d7df1c630 DEOPT UNPACKING pc=0x0000013d07822b43 sp=0x000000122c8fc5a0 mode 3
Event: 1.762 Thread 0x0000013d7df1c630 DEOPT PACKING pc=0x0000013d07dcf6d5 sp=0x000000122c8fd680
Event: 1.762 Thread 0x0000013d7df1c630 DEOPT UNPACKING pc=0x0000013d07822b43 sp=0x000000122c8fcb28 mode 3
Event: 3.451 Thread 0x0000013d7df1c630 DEOPT PACKING pc=0x0000013d080bbd99 sp=0x000000122c8fdb80
Event: 3.451 Thread 0x0000013d7df1c630 DEOPT UNPACKING pc=0x0000013d07822b43 sp=0x000000122c8fd060 mode 3
Event: 3.821 Thread 0x0000013d7df1c630 DEOPT PACKING pc=0x0000013d081181c2 sp=0x000000122c8fda50
Event: 3.821 Thread 0x0000013d7df1c630 DEOPT UNPACKING pc=0x0000013d07822b43 sp=0x000000122c8fcfe8 mode 0
Event: 5.101 Thread 0x0000013d7df1c630 DEOPT PACKING pc=0x0000013d081a919d sp=0x000000122c8f6880
Event: 5.101 Thread 0x0000013d7df1c630 DEOPT UNPACKING pc=0x0000013d07822b43 sp=0x000000122c8f5de8 mode 3
Event: 7.052 Thread 0x0000013d7df1c630 DEOPT PACKING pc=0x0000013d07db9f24 sp=0x000000122c8fb180
Event: 7.052 Thread 0x0000013d7df1c630 DEOPT UNPACKING pc=0x0000013d07822b43 sp=0x000000122c8fa6d8 mode 0
Event: 7.245 Thread 0x0000013d7df1c630 DEOPT PACKING pc=0x0000013d07e1a6a2 sp=0x000000122c8fb360
Event: 7.245 Thread 0x0000013d7df1c630 DEOPT UNPACKING pc=0x0000013d07822b43 sp=0x000000122c8fa868 mode 3

Classes unloaded (0 events):
No events

Classes redefined (0 events):
No events

Internal exceptions (20 events):
Event: 7.405 Thread 0x0000013d7df1c630 Exception <a 'java/lang/NoSuchMethodError'{0x000000008727c7f0}: 'void java.lang.invoke.DelegatingMethodHandle$Holder.reinvoke_L(java.lang.Object, java.lang.Object, int)'> (0x000000008727c7f0) 
thrown [s\open\src\hotspot\share\interpreter\linkResolver.cpp, line 759]
Event: 7.406 Thread 0x0000013d7df1c630 Exception <a 'java/lang/NoSuchMethodError'{0x000000008728a978}: 'java.lang.Object java.lang.invoke.Invokers$Holder.invokeExact_MT(java.lang.Object, java.lang.Object, java.lang.Object, java.lang.Object)'> (0x000000008728a978) 
thrown [s\open\src\hotspot\share\interpreter\linkResolver.cpp, line 759]
Event: 7.466 Thread 0x0000013d564f2890 Exception <a 'java/lang/reflect/InvocationTargetException'{0x0000000086d01a80}> (0x0000000086d01a80) 
thrown [s\open\src\hotspot\share\runtime\reflection.cpp, line 1121]
Event: 7.520 Thread 0x0000013d7df1c630 Exception <a 'java/lang/NoSuchMethodError'{0x0000000086b70b88}: 'java.lang.Object java.lang.invoke.DirectMethodHandle$Holder.invokeStaticInit(java.lang.Object, long)'> (0x0000000086b70b88) 
thrown [s\open\src\hotspot\share\interpreter\linkResolver.cpp, line 759]
Event: 7.935 Thread 0x0000013d7df1c630 Exception <a 'java/lang/reflect/InvocationTargetException'{0x0000000087afc110}> (0x0000000087afc110) 
thrown [s\open\src\hotspot\share\runtime\reflection.cpp, line 1121]
Event: 7.970 Thread 0x0000013d564f2890 Exception <a 'java/lang/reflect/InvocationTargetException'{0x0000000087782610}> (0x0000000087782610) 
thrown [s\open\src\hotspot\share\runtime\reflection.cpp, line 1121]
Event: 8.094 Thread 0x0000013d7df1c630 Exception <a 'java/lang/reflect/InvocationTargetException'{0x00000000869022f0}> (0x00000000869022f0) 
thrown [s\open\src\hotspot\share\runtime\reflection.cpp, line 1121]
Event: 8.137 Thread 0x0000013d7df1c630 Exception <a 'java/lang/reflect/InvocationTargetException'{0x0000000085f046f0}> (0x0000000085f046f0) 
thrown [s\open\src\hotspot\share\runtime\reflection.cpp, line 1121]
Event: 8.154 Thread 0x0000013d7df1c630 Exception <a 'java/lang/reflect/InvocationTargetException'{0x0000000085c45db8}> (0x0000000085c45db8) 
thrown [s\open\src\hotspot\share\runtime\reflection.cpp, line 1121]
Event: 8.158 Thread 0x0000013d7df1c630 Exception <a 'java/lang/reflect/InvocationTargetException'{0x0000000085ca17d8}> (0x0000000085ca17d8) 
thrown [s\open\src\hotspot\share\runtime\reflection.cpp, line 1121]
Event: 8.160 Thread 0x0000013d7df1c630 Exception <a 'java/lang/reflect/InvocationTargetException'{0x0000000085cd6d90}> (0x0000000085cd6d90) 
thrown [s\open\src\hotspot\share\runtime\reflection.cpp, line 1121]
Event: 8.161 Thread 0x0000013d7df1c630 Exception <a 'java/lang/reflect/InvocationTargetException'{0x0000000085ce7500}> (0x0000000085ce7500) 
thrown [s\open\src\hotspot\share\runtime\reflection.cpp, line 1121]
Event: 8.163 Thread 0x0000013d7df1c630 Exception <a 'java/lang/reflect/InvocationTargetException'{0x0000000085b00528}> (0x0000000085b00528) 
thrown [s\open\src\hotspot\share\runtime\reflection.cpp, line 1121]
Event: 8.168 Thread 0x0000013d7df1c630 Exception <a 'java/lang/reflect/InvocationTargetException'{0x0000000085b66f28}> (0x0000000085b66f28) 
thrown [s\open\src\hotspot\share\runtime\reflection.cpp, line 1121]
Event: 8.179 Thread 0x0000013d7df1c630 Exception <a 'java/lang/reflect/InvocationTargetException'{0x0000000085941628}> (0x0000000085941628) 
thrown [s\open\src\hotspot\share\runtime\reflection.cpp, line 1121]
Event: 8.434 Thread 0x0000013d7df1c630 Exception <a 'java/io/FileNotFoundException'{0x0000000087905590}> (0x0000000087905590) 
thrown [s\open\src\hotspot\share\prims\jni.cpp, line 516]
Event: 8.435 Thread 0x0000013d7df1c630 Exception <a 'java/io/FileNotFoundException'{0x0000000087910b20}> (0x0000000087910b20) 
thrown [s\open\src\hotspot\share\prims\jni.cpp, line 516]
Event: 8.472 Thread 0x0000013d564f2890 Exception <a 'java/lang/reflect/InvocationTargetException'{0x00000000875010f8}> (0x00000000875010f8) 
thrown [s\open\src\hotspot\share\runtime\reflection.cpp, line 1121]
Event: 8.544 Thread 0x0000013d7df1c630 Exception <a 'sun/nio/fs/WindowsException'{0x0000000086f23480}> (0x0000000086f23480) 
thrown [s\open\src\hotspot\share\prims\jni.cpp, line 516]
Event: 8.568 Thread 0x0000013d7df1c630 Exception <a 'java/lang/IncompatibleClassChangeError'{0x0000000086e5a868}: Found class java.lang.Object, but interface was expected> (0x0000000086e5a868) 
thrown [s\open\src\hotspot\share\interpreter\linkResolver.cpp, line 826]

VM Operations (20 events):
Event: 7.777 Executing VM operation: G1CollectForAllocation
Event: 7.784 Executing VM operation: G1CollectForAllocation done
Event: 7.821 Executing VM operation: HandshakeAllThreads
Event: 7.821 Executing VM operation: HandshakeAllThreads done
Event: 7.824 Executing VM operation: HandshakeAllThreads
Event: 7.824 Executing VM operation: HandshakeAllThreads done
Event: 7.919 Executing VM operation: HandshakeAllThreads
Event: 7.919 Executing VM operation: HandshakeAllThreads done
Event: 8.053 Executing VM operation: HandshakeAllThreads
Event: 8.053 Executing VM operation: HandshakeAllThreads done
Event: 8.151 Executing VM operation: ICBufferFull
Event: 8.151 Executing VM operation: ICBufferFull done
Event: 8.215 Executing VM operation: G1CollectForAllocation
Event: 8.223 Executing VM operation: G1CollectForAllocation done
Event: 8.543 Executing VM operation: HandshakeAllThreads
Event: 8.543 Executing VM operation: HandshakeAllThreads done
Event: 8.545 Executing VM operation: HandshakeAllThreads
Event: 8.545 Executing VM operation: HandshakeAllThreads done
Event: 8.549 Executing VM operation: HandshakeAllThreads
Event: 8.549 Executing VM operation: HandshakeAllThreads done

Events (20 events):
Event: 8.548 loading class java/net/spi/URLStreamHandlerProvider
Event: 8.548 loading class java/net/spi/URLStreamHandlerProvider done
Event: 8.548 loading class sun/net/www/protocol/http/Handler
Event: 8.548 loading class sun/net/www/protocol/http/Handler done
Event: 8.549 loading class javax/crypto/JceSecurity$IdentityWrapper
Event: 8.549 loading class javax/crypto/JceSecurity$IdentityWrapper done
Event: 8.549 loading class javax/crypto/JceSecurity$2
Event: 8.549 loading class javax/crypto/JceSecurity$2 done
Event: 8.550 loading class java/security/AllPermissionCollection
Event: 8.550 loading class java/security/AllPermissionCollection done
Event: 8.550 loading class javax/crypto/ProviderVerifier
Event: 8.550 loading class javax/crypto/ProviderVerifier done
Event: 8.550 loading class javax/crypto/ProviderVerifier$1
Event: 8.550 loading class javax/crypto/ProviderVerifier$1 done
Event: 8.550 loading class com/sun/crypto/provider/PBKDF2Core$HmacSHA256
Event: 8.550 loading class com/sun/crypto/provider/PBKDF2Core
Event: 8.550 loading class javax/crypto/SecretKeyFactorySpi
Event: 8.550 loading class javax/crypto/SecretKeyFactorySpi done
Event: 8.550 loading class com/sun/crypto/provider/PBKDF2Core done
Event: 8.550 loading class com/sun/crypto/provider/PBKDF2Core$HmacSHA256 done


Dynamic libraries:
0x00007ff60db40000 - 0x00007ff60db50000 	C:\Program Files\Java\jdk-17\bin\javaw.exe
0x00007ff9c1470000 - 0x00007ff9c1668000 	C:\Windows\SYSTEM32\ntdll.dll
0x00007ff9bfc50000 - 0x00007ff9bfd0d000 	C:\Windows\System32\KERNEL32.DLL
0x00007ff9bedb0000 - 0x00007ff9bf0a6000 	C:\Windows\System32\KERNELBASE.dll
0x00007ff9bec40000 - 0x00007ff9bed40000 	C:\Windows\System32\ucrtbase.dll
0x00007ff9b8640000 - 0x00007ff9b8659000 	C:\Program Files\Java\jdk-17\bin\jli.dll
0x00007ff9b9370000 - 0x00007ff9b938b000 	C:\Program Files\Java\jdk-17\bin\VCRUNTIME140.dll
0x00007ff9bf5d0000 - 0x00007ff9bf680000 	C:\Windows\System32\ADVAPI32.dll
0x00007ff9c1360000 - 0x00007ff9c13fe000 	C:\Windows\System32\msvcrt.dll
0x00007ff9c02e0000 - 0x00007ff9c0380000 	C:\Windows\System32\sechost.dll
0x00007ff9c06a0000 - 0x00007ff9c07c3000 	C:\Windows\System32\RPCRT4.dll
0x00007ff9beb70000 - 0x00007ff9beb97000 	C:\Windows\System32\bcrypt.dll
0x00007ff9c0980000 - 0x00007ff9c0b1f000 	C:\Windows\System32\USER32.dll
0x00007ff9bf140000 - 0x00007ff9bf162000 	C:\Windows\System32\win32u.dll
0x00007ff9c1400000 - 0x00007ff9c142b000 	C:\Windows\System32\GDI32.dll
0x00007ff9bf170000 - 0x00007ff9bf287000 	C:\Windows\System32\gdi32full.dll
0x00007ff9beba0000 - 0x00007ff9bec3d000 	C:\Windows\System32\msvcp_win.dll
0x00007ff9aa190000 - 0x00007ff9aa42a000 	C:\Windows\WinSxS\amd64_microsoft.windows.common-controls_6595b64144ccf1df_6.0.19041.3636_none_60b6a03d71f818d5\COMCTL32.dll
0x00007ff9b0230000 - 0x00007ff9b023a000 	C:\Windows\SYSTEM32\VERSION.dll
0x00007ff9c04a0000 - 0x00007ff9c04d2000 	C:\Windows\System32\IMM32.DLL
0x00007ff9ba5d0000 - 0x00007ff9ba5dc000 	C:\Program Files\Java\jdk-17\bin\vcruntime140_1.dll
0x00007ff995f50000 - 0x00007ff995fde000 	C:\Program Files\Java\jdk-17\bin\msvcp140.dll
0x00007ff98dc10000 - 0x00007ff98e7ee000 	C:\Program Files\Java\jdk-17\bin\server\jvm.dll
0x00007ff9c0600000 - 0x00007ff9c0608000 	C:\Windows\System32\PSAPI.DLL
0x00007ff9ba510000 - 0x00007ff9ba519000 	C:\Windows\SYSTEM32\WSOCK32.dll
0x00007ff9a7840000 - 0x00007ff9a7867000 	C:\Windows\SYSTEM32\WINMM.dll
0x00007ff9c0b20000 - 0x00007ff9c0b8b000 	C:\Windows\System32\WS2_32.dll
0x00007ff9bd300000 - 0x00007ff9bd312000 	C:\Windows\SYSTEM32\kernel.appcore.dll
0x00007ff9b95a0000 - 0x00007ff9b95aa000 	C:\Program Files\Java\jdk-17\bin\jimage.dll
0x00007ff9bc390000 - 0x00007ff9bc574000 	C:\Windows\SYSTEM32\DBGHELP.DLL
0x00007ff9aba20000 - 0x00007ff9aba54000 	C:\Windows\SYSTEM32\dbgcore.DLL
0x00007ff9bf0b0000 - 0x00007ff9bf132000 	C:\Windows\System32\bcryptPrimitives.dll
0x00007ff9aabd0000 - 0x00007ff9aabf5000 	C:\Program Files\Java\jdk-17\bin\java.dll
0x00007ff991fa0000 - 0x00007ff992077000 	C:\Program Files\Java\jdk-17\bin\jsvml.dll
0x00007ff9c0bf0000 - 0x00007ff9c135b000 	C:\Windows\System32\SHELL32.dll
0x00007ff9bcb50000 - 0x00007ff9bd2ee000 	C:\Windows\SYSTEM32\windows.storage.dll
0x00007ff9bfe00000 - 0x00007ff9c0153000 	C:\Windows\System32\combase.dll
0x00007ff9be550000 - 0x00007ff9be57e000 	C:\Windows\SYSTEM32\Wldp.dll
0x00007ff9c0160000 - 0x00007ff9c022d000 	C:\Windows\System32\OLEAUT32.dll
0x00007ff9c04e0000 - 0x00007ff9c058d000 	C:\Windows\System32\SHCORE.dll
0x00007ff9c0b90000 - 0x00007ff9c0be5000 	C:\Windows\System32\shlwapi.dll
0x00007ff9bea50000 - 0x00007ff9bea73000 	C:\Windows\SYSTEM32\profapi.dll
0x00007ff9a79a0000 - 0x00007ff9a79b9000 	C:\Program Files\Java\jdk-17\bin\net.dll
0x00007ff9b6930000 - 0x00007ff9b6a3a000 	C:\Windows\SYSTEM32\WINHTTP.dll
0x00007ff9be2b0000 - 0x00007ff9be31a000 	C:\Windows\system32\mswsock.dll
0x00007ff99f500000 - 0x00007ff99f516000 	C:\Program Files\Java\jdk-17\bin\nio.dll
0x00007ff9a7a60000 - 0x00007ff9a7a78000 	C:\Program Files\Java\jdk-17\bin\zip.dll
0x00007ff9b0600000 - 0x00007ff9b060a000 	C:\Program Files\Java\jdk-17\bin\management.dll
0x00007ff9ae160000 - 0x00007ff9ae16b000 	C:\Program Files\Java\jdk-17\bin\management_ext.dll
0x00007ff9a7be0000 - 0x00007ff9a7bf7000 	C:\Windows\system32\napinsp.dll
0x00007ff9a7bc0000 - 0x00007ff9a7bdb000 	C:\Windows\system32\pnrpnsp.dll
0x00007ff9a7ae0000 - 0x00007ff9a7af5000 	C:\Windows\system32\wshbth.dll
0x00007ff9ba430000 - 0x00007ff9ba44d000 	C:\Windows\system32\NLAapi.dll
0x00007ff9bdf40000 - 0x00007ff9bdf7b000 	C:\Windows\SYSTEM32\IPHLPAPI.DLL
0x00007ff9bdf90000 - 0x00007ff9be05b000 	C:\Windows\SYSTEM32\DNSAPI.dll
0x00007ff9c0590000 - 0x00007ff9c0598000 	C:\Windows\System32\NSI.dll
0x00007ff9a7580000 - 0x00007ff9a7592000 	C:\Windows\System32\winrnr.dll
0x00007ff9b3610000 - 0x00007ff9b361a000 	C:\Windows\System32\rasadhlp.dll
0x00007ff9b3690000 - 0x00007ff9b3710000 	C:\Windows\System32\fwpuclnt.dll
0x00007ff9be4b0000 - 0x00007ff9be4c8000 	C:\Windows\SYSTEM32\CRYPTSP.dll
0x00007ff9bdb30000 - 0x00007ff9bdb64000 	C:\Windows\system32\rsaenh.dll
0x00007ff9be9d0000 - 0x00007ff9be9fe000 	C:\Windows\SYSTEM32\USERENV.dll
0x00007ff9be4a0000 - 0x00007ff9be4ac000 	C:\Windows\SYSTEM32\CRYPTBASE.dll
0x00007ff9b87a0000 - 0x00007ff9b87b7000 	C:\Windows\SYSTEM32\dhcpcsvc6.DLL
0x00007ff9b8780000 - 0x00007ff9b879d000 	C:\Windows\SYSTEM32\dhcpcsvc.DLL
0x00007ff9b7fb0000 - 0x00007ff9b7fbe000 	C:\Program Files\Java\jdk-17\bin\sunmscapi.dll
0x00007ff9bf290000 - 0x00007ff9bf3ee000 	C:\Windows\System32\CRYPT32.dll
0x00007ff9be5c0000 - 0x00007ff9be5e8000 	C:\Windows\SYSTEM32\ncrypt.dll
0x00007ff9be580000 - 0x00007ff9be5bb000 	C:\Windows\SYSTEM32\NTASN1.dll
0x00007ff9b8610000 - 0x00007ff9b8620000 	C:\Program Files\Java\jdk-17\bin\verify.dll

dbghelp: loaded successfully - version: 4.0.5 - missing functions: none
symbol engine: initialized successfully - sym options: 0x614 - pdb path: .;C:\Program Files\Java\jdk-17\bin;C:\Windows\SYSTEM32;C:\Windows\WinSxS\amd64_microsoft.windows.common-controls_6595b64144ccf1df_6.0.19041.3636_none_60b6a03d71f818d5;C:\Program Files\Java\jdk-17\bin\server

VM Arguments:
jvm_args: -Dcom.sun.management.jmxremote -Dcom.sun.management.jmxremote.port=53604 -Dcom.sun.management.jmxremote.authenticate=false -Dcom.sun.management.jmxremote.ssl=false -Djava.rmi.server.hostname=localhost -Dspring.jmx.enabled=true -Dmanagement.endpoints.jmx.exposure.include=* -Dspring.application.admin.enabled=true -XX:TieredStopAtLevel=1 -Dspring.boot.project.name=bookstore -Dfile.encoding=UTF-8 -Dstdout.encoding=UTF-8 -Dstderr.encoding=UTF-8 -XX:+ShowCodeDetailsInExceptionMessages 
java_command: com.java.bookstore.BookstoreApplication --spring.output.ansi.enabled=always
java_class_path (initial): E:\SpringSuite\Book_Store\bookstore\target\classes;C:\Users\Admin\.m2\repository\org\springframework\boot\spring-boot-starter-data-jpa\3.2.4\spring-boot-starter-data-jpa-3.2.4.jar;C:\Users\Admin\.m2\repository\org\springframework\boot\spring-boot-starter-aop\3.2.4\spring-boot-starter-aop-3.2.4.jar;C:\Users\Admin\.m2\repository\org\aspectj\aspectjweaver\1.9.21\aspectjweaver-1.9.21.jar;C:\Users\Admin\.m2\repository\org\springframework\boot\spring-boot-starter-jdbc\3.2.4\spring-boot-starter-jdbc-3.2.4.jar;C:\Users\Admin\.m2\repository\com\zaxxer\HikariCP\5.0.1\HikariCP-5.0.1.jar;C:\Users\Admin\.m2\repository\org\springframework\spring-jdbc\6.1.5\spring-jdbc-6.1.5.jar;C:\Users\Admin\.m2\repository\org\hibernate\orm\hibernate-core\6.4.4.Final\hibernate-core-6.4.4.Final.jar;C:\Users\Admin\.m2\repository\jakarta\persistence\jakarta.persistence-api\3.1.0\jakarta.persistence-api-3.1.0.jar;C:\Users\Admin\.m2\repository\jakarta\transaction\jakarta.transaction-api\2.0.1\jakarta.transaction-api-2.0.1.jar;C:\Users\Admin\.m2\repository\org\jboss\logging\jboss-logging\3.5.3.Final\jboss-logging-3.5.3.Final.jar;C:\Users\Admin\.m2\repository\org\hibernate\common\hibernate-commons-annotations\6.0.6.Final\hibernate-commons-annotations-6.0.6.Final.jar;C:\Users\Admin\.m2\repository\io\smallrye\jandex\3.1.2\jandex-3.1.2.jar;C:\Users\Admin\.m2\repository\com\fasterxml\classmate\1.6.0\classmate-1.6.0.jar;C:\Users\Admin\.m2\repository\org\glassfish\jaxb\jaxb-runtime\4.0.5\jaxb-runtime-4.0.5.jar;C:\Users\Admin\.m2\repository\org\glassfish\jaxb\jaxb-core\4.0.5\jaxb-core-4.0.5.jar;C:\Users\Admin\.m2\repository\org\glassfish\jaxb\txw2\4.0.5\txw2-4.0.5.jar;C:\Users\Admin\.m2\repository\com\sun\istack\istack-commons-runtime\4.1.2\istack-commons-runtime-4.1.2.jar;C:\Users\Admin\.m2\repository\jakarta\inject\jakarta.inject-api\2.0.1\jakarta.inject-api-2.0.1.jar;C:\Users\Admin\.m2\repository\org\antlr\antlr4-runtime\4.13.0\antlr4-runtime-4.13.0.jar;C:\Users\Admin\.m2\repos
Launcher Type: SUN_STANDARD

[Global flags]
     intx CICompilerCount                          = 4                                         {product} {ergonomic}
     uint ConcGCThreads                            = 2                                         {product} {ergonomic}
     uint G1ConcRefinementThreads                  = 8                                         {product} {ergonomic}
   size_t G1HeapRegionSize                         = 1048576                                   {product} {ergonomic}
    uintx GCDrainStackTargetSize                   = 64                                        {product} {ergonomic}
   size_t InitialHeapSize                          = 134217728                                 {product} {ergonomic}
     bool ManagementServer                         = true                                      {product} {command line}
   size_t MarkStackSize                            = 4194304                                   {product} {ergonomic}
   size_t MaxHeapSize                              = 2124414976                                {product} {ergonomic}
   size_t MaxNewSize                               = 1274019840                                {product} {ergonomic}
   size_t MinHeapDeltaBytes                        = 1048576                                   {product} {ergonomic}
   size_t MinHeapSize                              = 8388608                                   {product} {ergonomic}
    uintx NonProfiledCodeHeapSize                  = 0                                      {pd product} {ergonomic}
     bool ProfileInterpreter                       = false                                  {pd product} {command line}
    uintx ProfiledCodeHeapSize                     = 0                                      {pd product} {ergonomic}
     bool ShowCodeDetailsInExceptionMessages       = true                                   {manageable} {command line}
   size_t SoftMaxHeapSize                          = 2124414976                             {manageable} {ergonomic}
     intx TieredStopAtLevel                        = 1                                         {product} {command line}
     bool UseCompressedClassPointers               = true                           {product lp64_product} {ergonomic}
     bool UseCompressedOops                        = true                           {product lp64_product} {ergonomic}
     bool UseG1GC                                  = true                                      {product} {ergonomic}
     bool UseLargePagesIndividualAllocation        = false                                  {pd product} {ergonomic}

Logging:
Log output configuration:
 #0: stdout all=warning uptime,level,tags
 #1: stderr all=off uptime,level,tags

Environment Variables:
JAVA_HOME=C:\Program Files\Java\jdk-17
PATH=C:/Spring Tool Suite//plugins/org.eclipse.justj.openjdk.hotspot.jre.full.win32.x86_64_17.0.8.v20230831-1047/jre/bin/server;C:/Spring Tool Suite//plugins/org.eclipse.justj.openjdk.hotspot.jre.full.win32.x86_64_17.0.8.v20230831-1047/jre/bin;C:\Program Files\Common Files\Oracle\Java\javapath;C:\Program Files\Java\jdk-17\bin;C:\Users\Admin\AppData\Local\Programs\Python\Python311\Scripts\;C:\Users\Admin\AppData\Local\Programs\Python\Python311\;C:\Windows\system32;C:\Windows;C:\Windows\System32\WindowsPowerShell\v1.0\;C:\Windows\System32\Wbem;C:\Windows\System32\OpenSSH\;C:\Program Files\dotnet\;C:\Program Files\NVIDIA Corporation\NVIDIA NvDLISR;C:\Program Files (x86)\NVIDIA Corporation\PhysX\Common;C:\Program Files (x86)\Microsoft SQL Server\160\Tools\Binn\;C:\Program Files\Microsoft SQL Server\160\Tools\Binn\;C:\Program Files\Microsoft SQL Server\Client SDK\ODBC\170\Tools\Binn\;C:\Program Files\Microsoft SQL Server\160\DTS\Binn\;C:\Program Files (x86)\Microsoft SQL Server\160\DTS\Binn\;C:\Program Files\Azure Data Studio\bin;C:\Program Files\nodejs\;E:\xampp\php;C:\apache-maven-3.6.0\bin;C:\Program Files\Git\cmd;C:\Program Files\Docker\Docker\resources\bin;C:\Users\Admin\AppData\Local\Microsoft\WindowsApps;C:\Users\Admin\AppData\Local\Programs\Microsoft VS Code\bin;C:\Users\Admin\.dotnet\tools;C:\Program Files\Azure Data Studio\bin;C:\Program Files\JetBrains\PyCharm Community Edition 2022.3.3\bin;C:\Program Files\JetBrains\IntelliJ IDEA Community Edition 2023.1.2\bin;C:\Users\Admin\AppData\Roaming\npm;C:\Users\Admin\AppData\Local\GitHubDesktop\bin;C:\Program Files (x86)\SSH Communications Security\SSH Secure Shell;E:\xampp\php;;C:\Program Files\JetBrains\IntelliJ IDEA 2023.2.1\bin;;C:\Program Files\JetBrains\IntelliJ IDEA Community Edition 2023.2.1\bin;;C:\Spring Tool Suite;
USERNAME=Admin
OS=Windows_NT
PROCESSOR_IDENTIFIER=Intel64 Family 6 Model 142 Stepping 10, GenuineIntel



---------------  S Y S T E M  ---------------

OS:
 Windows 10 , 64 bit Build 19041 (10.0.19041.3636)
OS uptime: 1 days 8:21 hours
Hyper-V role detected

CPU: total 8 (initial active 8) (4 cores per cpu, 2 threads per core) family 6 model 142 stepping 10 microcode 0xe0, cx8, cmov, fxsr, ht, mmx, 3dnowpref, sse, sse2, sse3, ssse3, sse4.1, sse4.2, popcnt, lzcnt, tsc, tscinvbit, avx, avx2, aes, erms, clmul, bmi1, bmi2, adx, fma, vzeroupper, clflush, clflushopt, hv

Memory: 4k page, system-wide physical 8103M (1278M free)
TotalPageFile size 16299M (AvailPageFile size 4M)
current process WorkingSet (physical memory assigned to process): 306M, peak: 306M
current process commit charge ("private bytes"): 350M, peak: 350M

vm_info: Java HotSpot(TM) 64-Bit Server VM (17.0.8+9-LTS-211) for windows-amd64 JRE (17.0.8+9-LTS-211), built on Jun 14 2023 10:34:31 by "mach5one" with MS VC++ 17.1 (VS2022)

END.
